{"C:\\Users\\Admin\\santhosh\\FinalProj\\PMBackend\\spec\\user.spec.js":{"path":"C:\\Users\\Admin\\santhosh\\FinalProj\\PMBackend\\spec\\user.spec.js","s":{"1":1,"2":1,"3":1,"4":1,"5":1,"6":1,"7":1,"8":1,"9":1,"10":1,"11":1,"12":1,"13":1,"14":1,"15":21,"16":21,"17":1,"18":21,"19":1,"20":1,"21":1,"22":1,"23":1,"24":1,"25":1,"26":1,"27":1,"28":1,"29":1,"30":1,"31":1,"32":1,"33":1,"34":1,"35":1,"36":1,"37":1,"38":1,"39":1,"40":1,"41":1,"42":1,"43":1,"44":1,"45":1,"46":1,"47":1,"48":1,"49":1,"50":1,"51":1,"52":1,"53":1,"54":1,"55":1,"56":1,"57":1,"58":1,"59":1,"60":1,"61":1,"62":1,"63":1,"64":1,"65":1,"66":1,"67":1,"68":1,"69":1,"70":1,"71":1,"72":1,"73":1,"74":1,"75":1,"76":1,"77":1,"78":1,"79":1,"80":1,"81":1,"82":1,"83":1,"84":1,"85":1,"86":1,"87":1,"88":1,"89":1,"90":1,"91":1,"92":1,"93":1,"94":1,"95":1,"96":1,"97":1,"98":1,"99":1,"100":1,"101":1,"102":1,"103":1,"104":1,"105":1,"106":1,"107":1,"108":1,"109":1,"110":1,"111":1,"112":1,"113":1,"114":1,"115":1,"116":1,"117":1,"118":1,"119":1,"120":1,"121":1,"122":1,"123":1,"124":1,"125":1,"126":1,"127":1,"128":1,"129":1,"130":1,"131":1,"132":1,"133":1,"134":1,"135":1,"136":1,"137":1,"138":1,"139":1,"140":1,"141":1,"142":1,"143":1,"144":1,"145":1,"146":1,"147":1,"148":1,"149":1,"150":1,"151":1,"152":1,"153":1,"154":1,"155":1,"156":1,"157":1,"158":1,"159":1,"160":1,"161":1,"162":1,"163":1,"164":1,"165":1,"166":1,"167":1,"168":1,"169":1,"170":1,"171":1,"172":1,"173":1,"174":1,"175":1,"176":1,"177":1,"178":1},"b":{},"f":{},"fnMap":{},"statementMap":{"1":{"start":{"line":1,"column":0},"end":{"line":1,"column":33}},"2":{"start":{"line":2,"column":0},"end":{"line":2,"column":16}},"3":{"start":{"line":3,"column":0},"end":{"line":3,"column":16}},"4":{"start":{"line":5,"column":0},"end":{"line":317,"column":3}},"5":{"start":{"line":6,"column":4},"end":{"line":6,"column":15}},"6":{"start":{"line":7,"column":4},"end":{"line":13,"column":7}},"7":{"start":{"line":8,"column":8},"end":{"line":8,"column":42}},"8":{"start":{"line":9,"column":8},"end":{"line":9,"column":38}},"9":{"start":{"line":10,"column":8},"end":{"line":10,"column":55}},"10":{"start":{"line":11,"column":8},"end":{"line":11,"column":49}},"11":{"start":{"line":14,"column":4},"end":{"line":17,"column":7}},"12":{"start":{"line":15,"column":8},"end":{"line":15,"column":42}},"13":{"start":{"line":16,"column":8},"end":{"line":16,"column":23}},"14":{"start":{"line":19,"column":4},"end":{"line":22,"column":7}},"15":{"start":{"line":20,"column":8},"end":{"line":20,"column":55}},"16":{"start":{"line":21,"column":8},"end":{"line":21,"column":49}},"17":{"start":{"line":24,"column":4},"end":{"line":26,"column":7}},"18":{"start":{"line":25,"column":8},"end":{"line":25,"column":55}},"19":{"start":{"line":28,"column":4},"end":{"line":50,"column":7}},"20":{"start":{"line":29,"column":8},"end":{"line":29,"column":22}},"21":{"start":{"line":30,"column":8},"end":{"line":30,"column":24}},"22":{"start":{"line":31,"column":8},"end":{"line":37,"column":11}},"23":{"start":{"line":32,"column":12},"end":{"line":36,"column":15}},"24":{"start":{"line":33,"column":16},"end":{"line":33,"column":50}},"25":{"start":{"line":34,"column":16},"end":{"line":34,"column":45}},"26":{"start":{"line":35,"column":16},"end":{"line":35,"column":23}},"27":{"start":{"line":39,"column":8},"end":{"line":41,"column":11}},"28":{"start":{"line":40,"column":12},"end":{"line":40,"column":42}},"29":{"start":{"line":42,"column":8},"end":{"line":49,"column":11}},"30":{"start":{"line":44,"column":12},"end":{"line":44,"column":43}},"31":{"start":{"line":45,"column":12},"end":{"line":45,"column":54}},"32":{"start":{"line":46,"column":12},"end":{"line":46,"column":50}},"33":{"start":{"line":47,"column":12},"end":{"line":47,"column":57}},"34":{"start":{"line":48,"column":12},"end":{"line":48,"column":56}},"35":{"start":{"line":52,"column":4},"end":{"line":72,"column":7}},"36":{"start":{"line":53,"column":8},"end":{"line":53,"column":22}},"37":{"start":{"line":55,"column":8},"end":{"line":55,"column":48}},"38":{"start":{"line":56,"column":8},"end":{"line":56,"column":61}},"39":{"start":{"line":57,"column":8},"end":{"line":64,"column":11}},"40":{"start":{"line":58,"column":12},"end":{"line":63,"column":15}},"41":{"start":{"line":60,"column":16},"end":{"line":60,"column":50}},"42":{"start":{"line":61,"column":16},"end":{"line":61,"column":45}},"43":{"start":{"line":62,"column":16},"end":{"line":62,"column":23}},"44":{"start":{"line":66,"column":8},"end":{"line":68,"column":11}},"45":{"start":{"line":67,"column":12},"end":{"line":67,"column":42}},"46":{"start":{"line":69,"column":8},"end":{"line":71,"column":11}},"47":{"start":{"line":70,"column":12},"end":{"line":70,"column":50}},"48":{"start":{"line":74,"column":4},"end":{"line":91,"column":7}},"49":{"start":{"line":75,"column":8},"end":{"line":75,"column":22}},"50":{"start":{"line":76,"column":8},"end":{"line":83,"column":11}},"51":{"start":{"line":77,"column":12},"end":{"line":82,"column":15}},"52":{"start":{"line":79,"column":16},"end":{"line":79,"column":50}},"53":{"start":{"line":80,"column":16},"end":{"line":80,"column":45}},"54":{"start":{"line":81,"column":16},"end":{"line":81,"column":23}},"55":{"start":{"line":85,"column":8},"end":{"line":87,"column":11}},"56":{"start":{"line":86,"column":12},"end":{"line":86,"column":42}},"57":{"start":{"line":88,"column":8},"end":{"line":90,"column":11}},"58":{"start":{"line":89,"column":12},"end":{"line":89,"column":42}},"59":{"start":{"line":93,"column":4},"end":{"line":120,"column":7}},"60":{"start":{"line":94,"column":8},"end":{"line":94,"column":22}},"61":{"start":{"line":95,"column":8},"end":{"line":95,"column":46}},"62":{"start":{"line":96,"column":8},"end":{"line":96,"column":70}},"63":{"start":{"line":97,"column":8},"end":{"line":97,"column":59}},"64":{"start":{"line":98,"column":8},"end":{"line":112,"column":11}},"65":{"start":{"line":99,"column":12},"end":{"line":111,"column":15}},"66":{"start":{"line":108,"column":16},"end":{"line":108,"column":50}},"67":{"start":{"line":109,"column":16},"end":{"line":109,"column":61}},"68":{"start":{"line":110,"column":16},"end":{"line":110,"column":23}},"69":{"start":{"line":114,"column":8},"end":{"line":116,"column":11}},"70":{"start":{"line":115,"column":12},"end":{"line":115,"column":42}},"71":{"start":{"line":117,"column":8},"end":{"line":119,"column":11}},"72":{"start":{"line":118,"column":13},"end":{"line":118,"column":66}},"73":{"start":{"line":122,"column":4},"end":{"line":146,"column":7}},"74":{"start":{"line":123,"column":8},"end":{"line":123,"column":22}},"75":{"start":{"line":124,"column":8},"end":{"line":124,"column":46}},"76":{"start":{"line":125,"column":8},"end":{"line":125,"column":32}},"77":{"start":{"line":126,"column":8},"end":{"line":126,"column":59}},"78":{"start":{"line":127,"column":8},"end":{"line":141,"column":11}},"79":{"start":{"line":128,"column":12},"end":{"line":140,"column":15}},"80":{"start":{"line":137,"column":16},"end":{"line":137,"column":50}},"81":{"start":{"line":138,"column":16},"end":{"line":138,"column":61}},"82":{"start":{"line":139,"column":16},"end":{"line":139,"column":23}},"83":{"start":{"line":143,"column":8},"end":{"line":145,"column":11}},"84":{"start":{"line":144,"column":12},"end":{"line":144,"column":42}},"85":{"start":{"line":148,"column":4},"end":{"line":168,"column":7}},"86":{"start":{"line":149,"column":8},"end":{"line":149,"column":22}},"87":{"start":{"line":150,"column":8},"end":{"line":150,"column":33}},"88":{"start":{"line":151,"column":8},"end":{"line":151,"column":74}},"89":{"start":{"line":152,"column":8},"end":{"line":159,"column":11}},"90":{"start":{"line":153,"column":12},"end":{"line":158,"column":15}},"91":{"start":{"line":155,"column":16},"end":{"line":155,"column":50}},"92":{"start":{"line":156,"column":16},"end":{"line":156,"column":45}},"93":{"start":{"line":157,"column":16},"end":{"line":157,"column":23}},"94":{"start":{"line":161,"column":8},"end":{"line":163,"column":11}},"95":{"start":{"line":162,"column":12},"end":{"line":162,"column":42}},"96":{"start":{"line":164,"column":8},"end":{"line":167,"column":11}},"97":{"start":{"line":165,"column":12},"end":{"line":165,"column":60}},"98":{"start":{"line":166,"column":12},"end":{"line":166,"column":49}},"99":{"start":{"line":170,"column":4},"end":{"line":186,"column":7}},"100":{"start":{"line":171,"column":8},"end":{"line":171,"column":22}},"101":{"start":{"line":172,"column":8},"end":{"line":172,"column":49}},"102":{"start":{"line":173,"column":8},"end":{"line":173,"column":72}},"103":{"start":{"line":174,"column":8},"end":{"line":181,"column":11}},"104":{"start":{"line":175,"column":12},"end":{"line":180,"column":15}},"105":{"start":{"line":177,"column":16},"end":{"line":177,"column":50}},"106":{"start":{"line":178,"column":16},"end":{"line":178,"column":45}},"107":{"start":{"line":179,"column":16},"end":{"line":179,"column":23}},"108":{"start":{"line":183,"column":8},"end":{"line":185,"column":11}},"109":{"start":{"line":184,"column":12},"end":{"line":184,"column":42}},"110":{"start":{"line":191,"column":4},"end":{"line":208,"column":7}},"111":{"start":{"line":192,"column":8},"end":{"line":192,"column":22}},"112":{"start":{"line":193,"column":8},"end":{"line":193,"column":24}},"113":{"start":{"line":194,"column":8},"end":{"line":200,"column":11}},"114":{"start":{"line":195,"column":12},"end":{"line":199,"column":15}},"115":{"start":{"line":196,"column":16},"end":{"line":196,"column":50}},"116":{"start":{"line":197,"column":16},"end":{"line":197,"column":45}},"117":{"start":{"line":198,"column":16},"end":{"line":198,"column":23}},"118":{"start":{"line":202,"column":8},"end":{"line":204,"column":11}},"119":{"start":{"line":203,"column":12},"end":{"line":203,"column":42}},"120":{"start":{"line":205,"column":8},"end":{"line":207,"column":11}},"121":{"start":{"line":206,"column":12},"end":{"line":206,"column":56}},"122":{"start":{"line":210,"column":4},"end":{"line":230,"column":7}},"123":{"start":{"line":211,"column":8},"end":{"line":211,"column":22}},"124":{"start":{"line":213,"column":8},"end":{"line":213,"column":48}},"125":{"start":{"line":214,"column":8},"end":{"line":214,"column":64}},"126":{"start":{"line":215,"column":8},"end":{"line":222,"column":11}},"127":{"start":{"line":216,"column":12},"end":{"line":221,"column":15}},"128":{"start":{"line":218,"column":16},"end":{"line":218,"column":50}},"129":{"start":{"line":219,"column":16},"end":{"line":219,"column":45}},"130":{"start":{"line":220,"column":16},"end":{"line":220,"column":23}},"131":{"start":{"line":224,"column":8},"end":{"line":226,"column":11}},"132":{"start":{"line":225,"column":12},"end":{"line":225,"column":42}},"133":{"start":{"line":227,"column":8},"end":{"line":229,"column":11}},"134":{"start":{"line":228,"column":12},"end":{"line":228,"column":50}},"135":{"start":{"line":232,"column":4},"end":{"line":249,"column":7}},"136":{"start":{"line":233,"column":8},"end":{"line":233,"column":22}},"137":{"start":{"line":234,"column":8},"end":{"line":241,"column":11}},"138":{"start":{"line":235,"column":12},"end":{"line":240,"column":15}},"139":{"start":{"line":237,"column":16},"end":{"line":237,"column":50}},"140":{"start":{"line":238,"column":16},"end":{"line":238,"column":45}},"141":{"start":{"line":239,"column":16},"end":{"line":239,"column":23}},"142":{"start":{"line":243,"column":8},"end":{"line":245,"column":11}},"143":{"start":{"line":244,"column":12},"end":{"line":244,"column":42}},"144":{"start":{"line":246,"column":8},"end":{"line":248,"column":11}},"145":{"start":{"line":247,"column":12},"end":{"line":247,"column":42}},"146":{"start":{"line":251,"column":4},"end":{"line":284,"column":7}},"147":{"start":{"line":252,"column":8},"end":{"line":252,"column":22}},"148":{"start":{"line":253,"column":8},"end":{"line":253,"column":69}},"149":{"start":{"line":254,"column":8},"end":{"line":254,"column":65}},"150":{"start":{"line":255,"column":8},"end":{"line":255,"column":36}},"151":{"start":{"line":256,"column":8},"end":{"line":256,"column":34}},"152":{"start":{"line":257,"column":8},"end":{"line":257,"column":49}},"153":{"start":{"line":258,"column":8},"end":{"line":258,"column":25}},"154":{"start":{"line":259,"column":8},"end":{"line":259,"column":46}},"155":{"start":{"line":260,"column":8},"end":{"line":276,"column":11}},"156":{"start":{"line":261,"column":12},"end":{"line":275,"column":15}},"157":{"start":{"line":272,"column":16},"end":{"line":272,"column":50}},"158":{"start":{"line":273,"column":16},"end":{"line":273,"column":61}},"159":{"start":{"line":274,"column":16},"end":{"line":274,"column":23}},"160":{"start":{"line":278,"column":8},"end":{"line":280,"column":11}},"161":{"start":{"line":279,"column":12},"end":{"line":279,"column":42}},"162":{"start":{"line":281,"column":8},"end":{"line":283,"column":11}},"163":{"start":{"line":282,"column":13},"end":{"line":282,"column":69}},"164":{"start":{"line":286,"column":4},"end":{"line":315,"column":7}},"165":{"start":{"line":287,"column":8},"end":{"line":287,"column":22}},"166":{"start":{"line":288,"column":8},"end":{"line":288,"column":46}},"167":{"start":{"line":289,"column":8},"end":{"line":289,"column":36}},"168":{"start":{"line":290,"column":8},"end":{"line":290,"column":34}},"169":{"start":{"line":291,"column":8},"end":{"line":291,"column":49}},"170":{"start":{"line":292,"column":8},"end":{"line":292,"column":25}},"171":{"start":{"line":293,"column":8},"end":{"line":293,"column":46}},"172":{"start":{"line":294,"column":8},"end":{"line":310,"column":11}},"173":{"start":{"line":295,"column":12},"end":{"line":309,"column":15}},"174":{"start":{"line":306,"column":16},"end":{"line":306,"column":50}},"175":{"start":{"line":307,"column":16},"end":{"line":307,"column":61}},"176":{"start":{"line":308,"column":16},"end":{"line":308,"column":23}},"177":{"start":{"line":312,"column":8},"end":{"line":314,"column":11}},"178":{"start":{"line":313,"column":12},"end":{"line":313,"column":42}}},"branchMap":{}},"C:\\Users\\Admin\\santhosh\\FinalProj\\PMBackend\\server.js":{"path":"C:\\Users\\Admin\\santhosh\\FinalProj\\PMBackend\\server.js","s":{"1":1,"2":1,"3":1,"4":1,"5":1,"6":1,"7":1,"8":1,"9":1,"10":1,"11":1,"12":1,"13":1,"14":1,"15":1,"16":1,"17":1,"18":1,"19":1,"20":1,"21":1,"22":0,"23":0,"24":1,"25":1,"26":1,"27":1,"28":0,"29":0,"30":1,"31":1,"32":2,"33":2,"34":1,"35":1,"36":1,"37":1,"38":1,"39":1,"40":1,"41":0,"42":0,"43":1,"44":1,"45":2,"46":2,"47":2,"48":1,"49":1,"50":1,"51":1,"52":1,"53":0,"54":0,"55":0,"56":0,"57":0,"58":0,"59":0,"60":0,"61":0,"62":0,"63":1,"64":1,"65":1,"66":1,"67":0,"68":1,"69":1,"70":0,"71":0,"72":0,"73":0,"74":0,"75":1,"76":0,"77":0,"78":0,"79":0,"80":0,"81":1,"82":0,"83":0,"84":0,"85":0,"86":0,"87":0,"88":1,"89":0,"90":0,"91":0,"92":0,"93":0,"94":0,"95":0,"96":1,"97":0,"98":0,"99":0,"100":0,"101":0,"102":0,"103":0,"104":0,"105":0,"106":0,"107":0,"108":0,"109":0,"110":0,"111":0,"112":1,"113":0,"114":0,"115":0,"116":0,"117":0,"118":1,"119":0,"120":0,"121":0,"122":0,"123":0,"124":0,"125":0,"126":0,"127":0,"128":0,"129":0,"130":0,"131":0,"132":1,"133":0,"134":0,"135":0,"136":0,"137":1,"138":0,"139":0,"140":0,"141":0,"142":0,"143":1,"144":0,"145":0,"146":0,"147":0,"148":0,"149":0,"150":0,"151":0,"152":1,"153":0,"154":0,"155":0,"156":0,"157":0,"158":1,"159":1,"160":1,"161":1,"162":0,"163":1,"164":1,"165":2,"166":2,"167":1,"168":1,"169":1,"170":1,"171":2,"172":2,"173":2,"174":1,"175":1,"176":1,"177":1,"178":1,"179":0,"180":0,"181":0,"182":0,"183":0,"184":0,"185":0,"186":0,"187":0,"188":0,"189":0,"190":0,"191":1,"192":0,"193":0,"194":0,"195":0,"196":0,"197":1,"198":1,"199":1,"200":1},"b":{"1":[0,1],"2":[1,1],"3":[0,1],"4":[0,0],"5":[0,1],"6":[0,0],"7":[0,0],"8":[0,0],"9":[0,0],"10":[0,0],"11":[0,0],"12":[0,0],"13":[0,0],"14":[0,0],"15":[0,1],"16":[1,1],"17":[0,0],"18":[0,0]},"f":{},"fnMap":{},"statementMap":{"1":{"start":{"line":9,"column":0},"end":{"line":9,"column":35}},"2":{"start":{"line":10,"column":0},"end":{"line":10,"column":29}},"3":{"start":{"line":11,"column":0},"end":{"line":11,"column":42}},"4":{"start":{"line":12,"column":0},"end":{"line":12,"column":37}},"5":{"start":{"line":13,"column":0},"end":{"line":13,"column":35}},"6":{"start":{"line":15,"column":0},"end":{"line":15,"column":44}},"7":{"start":{"line":21,"column":0},"end":{"line":30,"column":5}},"8":{"start":{"line":32,"column":0},"end":{"line":32,"column":18}},"9":{"start":{"line":33,"column":0},"end":{"line":33,"column":29}},"10":{"start":{"line":35,"column":0},"end":{"line":35,"column":22}},"11":{"start":{"line":36,"column":0},"end":{"line":36,"column":32}},"12":{"start":{"line":39,"column":0},"end":{"line":39,"column":16}},"13":{"start":{"line":42,"column":0},"end":{"line":42,"column":27}},"14":{"start":{"line":45,"column":0},"end":{"line":45,"column":101}},"15":{"start":{"line":48,"column":0},"end":{"line":48,"column":22}},"16":{"start":{"line":50,"column":0},"end":{"line":50,"column":39}},"17":{"start":{"line":52,"column":0},"end":{"line":54,"column":3}},"18":{"start":{"line":53,"column":4},"end":{"line":53,"column":55}},"19":{"start":{"line":56,"column":0},"end":{"line":56,"column":25}},"20":{"start":{"line":57,"column":0},"end":{"line":57,"column":62}},"21":{"start":{"line":60,"column":0},"end":{"line":64,"column":3}},"22":{"start":{"line":61,"column":4},"end":{"line":61,"column":37}},"23":{"start":{"line":62,"column":4},"end":{"line":62,"column":57}},"24":{"start":{"line":67,"column":0},"end":{"line":80,"column":3}},"25":{"start":{"line":68,"column":4},"end":{"line":68,"column":50}},"26":{"start":{"line":70,"column":4},"end":{"line":77,"column":7}},"27":{"start":{"line":71,"column":8},"end":{"line":76,"column":9}},"28":{"start":{"line":72,"column":12},"end":{"line":72,"column":54}},"29":{"start":{"line":73,"column":12},"end":{"line":73,"column":38}},"30":{"start":{"line":75,"column":12},"end":{"line":75,"column":40}},"31":{"start":{"line":82,"column":0},"end":{"line":95,"column":3}},"32":{"start":{"line":84,"column":4},"end":{"line":94,"column":7}},"33":{"start":{"line":85,"column":8},"end":{"line":93,"column":9}},"34":{"start":{"line":86,"column":12},"end":{"line":89,"column":27}},"35":{"start":{"line":90,"column":12},"end":{"line":90,"column":37}},"36":{"start":{"line":92,"column":12},"end":{"line":92,"column":27}},"37":{"start":{"line":97,"column":0},"end":{"line":112,"column":3}},"38":{"start":{"line":98,"column":4},"end":{"line":100,"column":19}},"39":{"start":{"line":101,"column":4},"end":{"line":111,"column":7}},"40":{"start":{"line":102,"column":8},"end":{"line":110,"column":9}},"41":{"start":{"line":103,"column":12},"end":{"line":106,"column":27}},"42":{"start":{"line":107,"column":12},"end":{"line":107,"column":37}},"43":{"start":{"line":109,"column":12},"end":{"line":109,"column":39}},"44":{"start":{"line":114,"column":0},"end":{"line":128,"column":3}},"45":{"start":{"line":115,"column":4},"end":{"line":117,"column":19}},"46":{"start":{"line":118,"column":4},"end":{"line":118,"column":42}},"47":{"start":{"line":119,"column":4},"end":{"line":127,"column":11}},"48":{"start":{"line":121,"column":12},"end":{"line":121,"column":65}},"49":{"start":{"line":122,"column":12},"end":{"line":122,"column":60}},"50":{"start":{"line":125,"column":12},"end":{"line":125,"column":62}},"51":{"start":{"line":126,"column":12},"end":{"line":126,"column":51}},"52":{"start":{"line":130,"column":0},"end":{"line":149,"column":3}},"53":{"start":{"line":131,"column":4},"end":{"line":134,"column":19}},"54":{"start":{"line":135,"column":4},"end":{"line":148,"column":7}},"55":{"start":{"line":136,"column":8},"end":{"line":147,"column":9}},"56":{"start":{"line":137,"column":12},"end":{"line":137,"column":71}},"57":{"start":{"line":139,"column":12},"end":{"line":139,"column":50}},"58":{"start":{"line":140,"column":12},"end":{"line":140,"column":48}},"59":{"start":{"line":141,"column":12},"end":{"line":141,"column":52}},"60":{"start":{"line":142,"column":12},"end":{"line":146,"column":15}},"61":{"start":{"line":143,"column":16},"end":{"line":143,"column":57}},"62":{"start":{"line":145,"column":16},"end":{"line":145,"column":60}},"63":{"start":{"line":151,"column":0},"end":{"line":162,"column":3}},"64":{"start":{"line":152,"column":4},"end":{"line":154,"column":19}},"65":{"start":{"line":155,"column":4},"end":{"line":161,"column":7}},"66":{"start":{"line":156,"column":8},"end":{"line":160,"column":9}},"67":{"start":{"line":157,"column":12},"end":{"line":157,"column":66}},"68":{"start":{"line":159,"column":12},"end":{"line":159,"column":71}},"69":{"start":{"line":165,"column":0},"end":{"line":177,"column":3}},"70":{"start":{"line":168,"column":4},"end":{"line":175,"column":7}},"71":{"start":{"line":169,"column":8},"end":{"line":174,"column":9}},"72":{"start":{"line":170,"column":12},"end":{"line":170,"column":54}},"73":{"start":{"line":171,"column":12},"end":{"line":171,"column":38}},"74":{"start":{"line":173,"column":12},"end":{"line":173,"column":39}},"75":{"start":{"line":179,"column":0},"end":{"line":192,"column":3}},"76":{"start":{"line":181,"column":4},"end":{"line":191,"column":7}},"77":{"start":{"line":182,"column":8},"end":{"line":190,"column":9}},"78":{"start":{"line":183,"column":12},"end":{"line":186,"column":27}},"79":{"start":{"line":187,"column":12},"end":{"line":187,"column":37}},"80":{"start":{"line":189,"column":12},"end":{"line":189,"column":27}},"81":{"start":{"line":194,"column":0},"end":{"line":207,"column":3}},"82":{"start":{"line":195,"column":4},"end":{"line":195,"column":61}},"83":{"start":{"line":196,"column":4},"end":{"line":206,"column":7}},"84":{"start":{"line":197,"column":8},"end":{"line":205,"column":9}},"85":{"start":{"line":198,"column":12},"end":{"line":201,"column":27}},"86":{"start":{"line":202,"column":12},"end":{"line":202,"column":37}},"87":{"start":{"line":204,"column":12},"end":{"line":204,"column":28}},"88":{"start":{"line":209,"column":0},"end":{"line":223,"column":3}},"89":{"start":{"line":210,"column":4},"end":{"line":212,"column":19}},"90":{"start":{"line":213,"column":4},"end":{"line":213,"column":42}},"91":{"start":{"line":214,"column":4},"end":{"line":222,"column":11}},"92":{"start":{"line":216,"column":12},"end":{"line":216,"column":65}},"93":{"start":{"line":217,"column":12},"end":{"line":217,"column":60}},"94":{"start":{"line":220,"column":12},"end":{"line":220,"column":62}},"95":{"start":{"line":221,"column":12},"end":{"line":221,"column":51}},"96":{"start":{"line":225,"column":0},"end":{"line":249,"column":3}},"97":{"start":{"line":226,"column":4},"end":{"line":229,"column":19}},"98":{"start":{"line":230,"column":4},"end":{"line":248,"column":7}},"99":{"start":{"line":231,"column":8},"end":{"line":247,"column":9}},"100":{"start":{"line":232,"column":12},"end":{"line":232,"column":71}},"101":{"start":{"line":234,"column":12},"end":{"line":234,"column":38}},"102":{"start":{"line":235,"column":12},"end":{"line":235,"column":50}},"103":{"start":{"line":236,"column":12},"end":{"line":236,"column":46}},"104":{"start":{"line":237,"column":12},"end":{"line":237,"column":46}},"105":{"start":{"line":238,"column":12},"end":{"line":238,"column":42}},"106":{"start":{"line":239,"column":12},"end":{"line":239,"column":42}},"107":{"start":{"line":240,"column":12},"end":{"line":240,"column":38}},"108":{"start":{"line":241,"column":12},"end":{"line":241,"column":44}},"109":{"start":{"line":242,"column":12},"end":{"line":246,"column":15}},"110":{"start":{"line":243,"column":16},"end":{"line":243,"column":57}},"111":{"start":{"line":245,"column":16},"end":{"line":245,"column":60}},"112":{"start":{"line":251,"column":0},"end":{"line":260,"column":3}},"113":{"start":{"line":252,"column":4},"end":{"line":252,"column":50}},"114":{"start":{"line":253,"column":4},"end":{"line":259,"column":7}},"115":{"start":{"line":254,"column":8},"end":{"line":258,"column":9}},"116":{"start":{"line":255,"column":12},"end":{"line":255,"column":44}},"117":{"start":{"line":257,"column":12},"end":{"line":257,"column":50}},"118":{"start":{"line":262,"column":0},"end":{"line":281,"column":3}},"119":{"start":{"line":263,"column":4},"end":{"line":263,"column":48}},"120":{"start":{"line":264,"column":4},"end":{"line":280,"column":7}},"121":{"start":{"line":265,"column":8},"end":{"line":279,"column":9}},"122":{"start":{"line":266,"column":12},"end":{"line":266,"column":66}},"123":{"start":{"line":268,"column":12},"end":{"line":268,"column":34}},"124":{"start":{"line":269,"column":12},"end":{"line":269,"column":46}},"125":{"start":{"line":270,"column":12},"end":{"line":270,"column":42}},"126":{"start":{"line":271,"column":12},"end":{"line":271,"column":42}},"127":{"start":{"line":272,"column":12},"end":{"line":272,"column":38}},"128":{"start":{"line":273,"column":12},"end":{"line":273,"column":33}},"129":{"start":{"line":274,"column":12},"end":{"line":278,"column":15}},"130":{"start":{"line":275,"column":16},"end":{"line":275,"column":43}},"131":{"start":{"line":277,"column":16},"end":{"line":277,"column":57}},"132":{"start":{"line":284,"column":0},"end":{"line":294,"column":3}},"133":{"start":{"line":287,"column":4},"end":{"line":293,"column":7}},"134":{"start":{"line":288,"column":8},"end":{"line":292,"column":9}},"135":{"start":{"line":289,"column":12},"end":{"line":289,"column":38}},"136":{"start":{"line":291,"column":12},"end":{"line":291,"column":41}},"137":{"start":{"line":296,"column":0},"end":{"line":308,"column":3}},"138":{"start":{"line":297,"column":4},"end":{"line":307,"column":7}},"139":{"start":{"line":298,"column":8},"end":{"line":306,"column":9}},"140":{"start":{"line":299,"column":12},"end":{"line":302,"column":27}},"141":{"start":{"line":303,"column":12},"end":{"line":303,"column":37}},"142":{"start":{"line":305,"column":12},"end":{"line":305,"column":28}},"143":{"start":{"line":310,"column":0},"end":{"line":325,"column":3}},"144":{"start":{"line":311,"column":4},"end":{"line":311,"column":56}},"145":{"start":{"line":312,"column":4},"end":{"line":314,"column":19}},"146":{"start":{"line":315,"column":4},"end":{"line":315,"column":45}},"147":{"start":{"line":316,"column":4},"end":{"line":324,"column":11}},"148":{"start":{"line":318,"column":12},"end":{"line":318,"column":67}},"149":{"start":{"line":319,"column":12},"end":{"line":319,"column":60}},"150":{"start":{"line":322,"column":12},"end":{"line":322,"column":69}},"151":{"start":{"line":323,"column":12},"end":{"line":323,"column":51}},"152":{"start":{"line":327,"column":0},"end":{"line":336,"column":3}},"153":{"start":{"line":328,"column":4},"end":{"line":328,"column":57}},"154":{"start":{"line":329,"column":4},"end":{"line":335,"column":7}},"155":{"start":{"line":330,"column":8},"end":{"line":334,"column":9}},"156":{"start":{"line":331,"column":12},"end":{"line":331,"column":51}},"157":{"start":{"line":333,"column":12},"end":{"line":333,"column":57}},"158":{"start":{"line":339,"column":0},"end":{"line":348,"column":3}},"159":{"start":{"line":340,"column":4},"end":{"line":340,"column":52}},"160":{"start":{"line":341,"column":4},"end":{"line":347,"column":7}},"161":{"start":{"line":342,"column":8},"end":{"line":346,"column":9}},"162":{"start":{"line":343,"column":12},"end":{"line":343,"column":38}},"163":{"start":{"line":345,"column":12},"end":{"line":345,"column":43}},"164":{"start":{"line":350,"column":0},"end":{"line":362,"column":3}},"165":{"start":{"line":351,"column":4},"end":{"line":361,"column":7}},"166":{"start":{"line":352,"column":8},"end":{"line":360,"column":9}},"167":{"start":{"line":353,"column":12},"end":{"line":356,"column":27}},"168":{"start":{"line":357,"column":12},"end":{"line":357,"column":37}},"169":{"start":{"line":359,"column":12},"end":{"line":359,"column":30}},"170":{"start":{"line":364,"column":0},"end":{"line":378,"column":3}},"171":{"start":{"line":365,"column":4},"end":{"line":367,"column":19}},"172":{"start":{"line":368,"column":4},"end":{"line":368,"column":48}},"173":{"start":{"line":369,"column":4},"end":{"line":377,"column":11}},"174":{"start":{"line":371,"column":12},"end":{"line":371,"column":68}},"175":{"start":{"line":372,"column":12},"end":{"line":372,"column":67}},"176":{"start":{"line":375,"column":12},"end":{"line":375,"column":65}},"177":{"start":{"line":376,"column":12},"end":{"line":376,"column":59}},"178":{"start":{"line":380,"column":0},"end":{"line":401,"column":3}},"179":{"start":{"line":381,"column":4},"end":{"line":384,"column":19}},"180":{"start":{"line":385,"column":4},"end":{"line":400,"column":7}},"181":{"start":{"line":386,"column":8},"end":{"line":399,"column":9}},"182":{"start":{"line":387,"column":12},"end":{"line":387,"column":74}},"183":{"start":{"line":389,"column":12},"end":{"line":389,"column":57}},"184":{"start":{"line":390,"column":12},"end":{"line":390,"column":53}},"185":{"start":{"line":391,"column":12},"end":{"line":391,"column":49}},"186":{"start":{"line":392,"column":12},"end":{"line":392,"column":49}},"187":{"start":{"line":393,"column":12},"end":{"line":393,"column":41}},"188":{"start":{"line":394,"column":12},"end":{"line":398,"column":15}},"189":{"start":{"line":395,"column":16},"end":{"line":395,"column":60}},"190":{"start":{"line":397,"column":16},"end":{"line":397,"column":63}},"191":{"start":{"line":403,"column":0},"end":{"line":412,"column":3}},"192":{"start":{"line":404,"column":4},"end":{"line":404,"column":53}},"193":{"start":{"line":405,"column":4},"end":{"line":411,"column":7}},"194":{"start":{"line":406,"column":8},"end":{"line":410,"column":9}},"195":{"start":{"line":407,"column":12},"end":{"line":407,"column":47}},"196":{"start":{"line":409,"column":12},"end":{"line":409,"column":53}},"197":{"start":{"line":416,"column":0},"end":{"line":416,"column":21}},"198":{"start":{"line":420,"column":0},"end":{"line":422,"column":3}},"199":{"start":{"line":421,"column":4},"end":{"line":421,"column":84}},"200":{"start":{"line":424,"column":0},"end":{"line":424,"column":24}}},"branchMap":{"1":{"line":71,"type":"if","locations":[{"start":{"line":71,"column":8},"end":{"line":71,"column":8}},{"start":{"line":71,"column":8},"end":{"line":71,"column":8}}]},"2":{"line":85,"type":"if","locations":[{"start":{"line":85,"column":8},"end":{"line":85,"column":8}},{"start":{"line":85,"column":8},"end":{"line":85,"column":8}}]},"3":{"line":102,"type":"if","locations":[{"start":{"line":102,"column":8},"end":{"line":102,"column":8}},{"start":{"line":102,"column":8},"end":{"line":102,"column":8}}]},"4":{"line":136,"type":"if","locations":[{"start":{"line":136,"column":8},"end":{"line":136,"column":8}},{"start":{"line":136,"column":8},"end":{"line":136,"column":8}}]},"5":{"line":156,"type":"if","locations":[{"start":{"line":156,"column":8},"end":{"line":156,"column":8}},{"start":{"line":156,"column":8},"end":{"line":156,"column":8}}]},"6":{"line":169,"type":"if","locations":[{"start":{"line":169,"column":8},"end":{"line":169,"column":8}},{"start":{"line":169,"column":8},"end":{"line":169,"column":8}}]},"7":{"line":182,"type":"if","locations":[{"start":{"line":182,"column":8},"end":{"line":182,"column":8}},{"start":{"line":182,"column":8},"end":{"line":182,"column":8}}]},"8":{"line":197,"type":"if","locations":[{"start":{"line":197,"column":8},"end":{"line":197,"column":8}},{"start":{"line":197,"column":8},"end":{"line":197,"column":8}}]},"9":{"line":231,"type":"if","locations":[{"start":{"line":231,"column":8},"end":{"line":231,"column":8}},{"start":{"line":231,"column":8},"end":{"line":231,"column":8}}]},"10":{"line":254,"type":"if","locations":[{"start":{"line":254,"column":8},"end":{"line":254,"column":8}},{"start":{"line":254,"column":8},"end":{"line":254,"column":8}}]},"11":{"line":265,"type":"if","locations":[{"start":{"line":265,"column":8},"end":{"line":265,"column":8}},{"start":{"line":265,"column":8},"end":{"line":265,"column":8}}]},"12":{"line":288,"type":"if","locations":[{"start":{"line":288,"column":8},"end":{"line":288,"column":8}},{"start":{"line":288,"column":8},"end":{"line":288,"column":8}}]},"13":{"line":298,"type":"if","locations":[{"start":{"line":298,"column":8},"end":{"line":298,"column":8}},{"start":{"line":298,"column":8},"end":{"line":298,"column":8}}]},"14":{"line":330,"type":"if","locations":[{"start":{"line":330,"column":8},"end":{"line":330,"column":8}},{"start":{"line":330,"column":8},"end":{"line":330,"column":8}}]},"15":{"line":342,"type":"if","locations":[{"start":{"line":342,"column":8},"end":{"line":342,"column":8}},{"start":{"line":342,"column":8},"end":{"line":342,"column":8}}]},"16":{"line":352,"type":"if","locations":[{"start":{"line":352,"column":8},"end":{"line":352,"column":8}},{"start":{"line":352,"column":8},"end":{"line":352,"column":8}}]},"17":{"line":386,"type":"if","locations":[{"start":{"line":386,"column":8},"end":{"line":386,"column":8}},{"start":{"line":386,"column":8},"end":{"line":386,"column":8}}]},"18":{"line":406,"type":"if","locations":[{"start":{"line":406,"column":8},"end":{"line":406,"column":8}},{"start":{"line":406,"column":8},"end":{"line":406,"column":8}}]}}},"C:\\Users\\Admin\\santhosh\\FinalProj\\PMBackend\\models\\projmgr.js":{"path":"C:\\Users\\Admin\\santhosh\\FinalProj\\PMBackend\\models\\projmgr.js","s":{"1":1,"2":1,"3":1,"4":1,"5":1,"6":1,"7":1,"8":1,"9":1,"10":1},"b":{},"f":{},"fnMap":{},"statementMap":{"1":{"start":{"line":2,"column":0},"end":{"line":2,"column":37}},"2":{"start":{"line":5,"column":0},"end":{"line":5,"column":31}},"3":{"start":{"line":7,"column":0},"end":{"line":24,"column":3}},"4":{"start":{"line":26,"column":0},"end":{"line":54,"column":3}},"5":{"start":{"line":57,"column":0},"end":{"line":64,"column":3}},"6":{"start":{"line":66,"column":0},"end":{"line":106,"column":3}},"7":{"start":{"line":109,"column":0},"end":{"line":109,"column":51}},"8":{"start":{"line":110,"column":0},"end":{"line":110,"column":60}},"9":{"start":{"line":111,"column":0},"end":{"line":111,"column":51}},"10":{"start":{"line":112,"column":0},"end":{"line":112,"column":65}}},"branchMap":{}}}