{"C:\\Users\\Admin\\santhosh\\FinalProj\\PMBackend\\spec\\user.spec.js":{"path":"C:\\Users\\Admin\\santhosh\\FinalProj\\PMBackend\\spec\\user.spec.js","s":{"1":1,"2":1,"3":1,"4":1,"5":1,"6":1,"7":1,"8":1,"9":1,"10":1,"11":1,"12":1,"13":1,"14":1,"15":1,"16":42,"17":42,"18":1,"19":42,"20":1,"21":1,"22":1,"23":1,"24":1,"25":1,"26":1,"27":1,"28":1,"29":1,"30":1,"31":1,"32":1,"33":1,"34":1,"35":1,"36":1,"37":1,"38":1,"39":1,"40":1,"41":1,"42":1,"43":1,"44":1,"45":1,"46":1,"47":1,"48":1,"49":1,"50":1,"51":1,"52":1,"53":1,"54":1,"55":1,"56":1,"57":1,"58":1,"59":1,"60":1,"61":1,"62":1,"63":1,"64":1,"65":1,"66":1,"67":1,"68":1,"69":1,"70":1,"71":1,"72":1,"73":1,"74":1,"75":1,"76":1,"77":1,"78":1,"79":1,"80":1,"81":1,"82":1,"83":1,"84":1,"85":1,"86":1,"87":1,"88":1,"89":1,"90":1,"91":1,"92":1,"93":1,"94":1,"95":1,"96":1,"97":1,"98":1,"99":1,"100":1,"101":1,"102":1,"103":1,"104":1,"105":1,"106":1,"107":1,"108":1,"109":1,"110":1,"111":1,"112":1,"113":1,"114":1,"115":1,"116":1,"117":1,"118":1,"119":1,"120":1,"121":1,"122":1,"123":1,"124":1,"125":1,"126":1,"127":1,"128":1,"129":1,"130":1,"131":1,"132":1,"133":1,"134":1,"135":1,"136":1,"137":1,"138":1,"139":1,"140":1,"141":1,"142":1,"143":1,"144":1,"145":1,"146":1,"147":1,"148":1,"149":1,"150":1,"151":1,"152":1,"153":1,"154":1,"155":1,"156":1,"157":1,"158":1,"159":1,"160":1,"161":1,"162":1,"163":1,"164":1,"165":1,"166":1,"167":1,"168":1,"169":1,"170":1,"171":1,"172":1,"173":1,"174":1,"175":1,"176":1,"177":1,"178":1,"179":1,"180":1,"181":1,"182":1,"183":1,"184":1,"185":1,"186":1,"187":1,"188":1,"189":1,"190":1,"191":1,"192":1,"193":1,"194":1,"195":1,"196":1,"197":1,"198":1,"199":1,"200":1,"201":1,"202":1,"203":1,"204":1,"205":1,"206":1,"207":1,"208":1,"209":1,"210":1,"211":1,"212":1,"213":1,"214":1,"215":1,"216":1,"217":1,"218":1,"219":1,"220":1,"221":1,"222":1,"223":1,"224":1,"225":1,"226":1,"227":1,"228":1,"229":1,"230":1,"231":1,"232":1,"233":1,"234":1,"235":1,"236":1,"237":1,"238":1,"239":1,"240":1,"241":1,"242":1,"243":1,"244":1,"245":1,"246":1,"247":1,"248":1,"249":1,"250":1,"251":1,"252":1,"253":1,"254":1,"255":1,"256":1,"257":1,"258":1,"259":1,"260":1,"261":1,"262":1,"263":1,"264":1,"265":1,"266":1,"267":1,"268":1,"269":1,"270":1,"271":1,"272":1,"273":1,"274":1,"275":1,"276":1,"277":1,"278":1,"279":1,"280":1,"281":1,"282":1,"283":1,"284":1,"285":1,"286":1,"287":1,"288":1,"289":1,"290":1,"291":1,"292":1,"293":1,"294":1,"295":1,"296":1,"297":1,"298":1,"299":1,"300":2,"301":1,"302":1,"303":1,"304":1,"305":1,"306":2,"307":1,"308":1,"309":1,"310":1,"311":1,"312":1,"313":1,"314":1,"315":1,"316":1,"317":1,"318":1,"319":1,"320":1,"321":1,"322":1,"323":1,"324":2,"325":1,"326":1,"327":1,"328":1,"329":1,"330":2,"331":1,"332":1,"333":1,"334":1,"335":1,"336":1,"337":1,"338":1,"339":1,"340":1,"341":1,"342":1,"343":1,"344":1,"345":1,"346":1,"347":1,"348":2,"349":1,"350":1,"351":1,"352":1,"353":1,"354":2,"355":1,"356":1,"357":1,"358":1,"359":1,"360":1,"361":1,"362":1,"363":1,"364":1,"365":1,"366":1,"367":1,"368":1,"369":1,"370":1,"371":1,"372":1,"373":1,"374":1,"375":1,"376":1,"377":1,"378":1,"379":1,"380":1,"381":1,"382":1,"383":1,"384":1,"385":1,"386":1,"387":1},"b":{"1":[1,1],"2":[1,1],"3":[1,1],"4":[1,1],"5":[1,1],"6":[1,1],"7":[1,0]},"f":{},"fnMap":{},"statementMap":{"1":{"start":{"line":1,"column":0},"end":{"line":1,"column":33}},"2":{"start":{"line":2,"column":0},"end":{"line":2,"column":35}},"3":{"start":{"line":3,"column":0},"end":{"line":3,"column":16}},"4":{"start":{"line":4,"column":0},"end":{"line":4,"column":16}},"5":{"start":{"line":6,"column":0},"end":{"line":728,"column":3}},"6":{"start":{"line":7,"column":4},"end":{"line":7,"column":15}},"7":{"start":{"line":8,"column":4},"end":{"line":14,"column":7}},"8":{"start":{"line":9,"column":8},"end":{"line":9,"column":42}},"9":{"start":{"line":10,"column":8},"end":{"line":10,"column":38}},"10":{"start":{"line":11,"column":8},"end":{"line":11,"column":55}},"11":{"start":{"line":12,"column":8},"end":{"line":12,"column":50}},"12":{"start":{"line":15,"column":4},"end":{"line":18,"column":7}},"13":{"start":{"line":16,"column":8},"end":{"line":16,"column":42}},"14":{"start":{"line":17,"column":8},"end":{"line":17,"column":23}},"15":{"start":{"line":20,"column":4},"end":{"line":23,"column":7}},"16":{"start":{"line":21,"column":8},"end":{"line":21,"column":55}},"17":{"start":{"line":22,"column":8},"end":{"line":22,"column":49}},"18":{"start":{"line":25,"column":4},"end":{"line":27,"column":7}},"19":{"start":{"line":26,"column":8},"end":{"line":26,"column":55}},"20":{"start":{"line":29,"column":4},"end":{"line":45,"column":7}},"21":{"start":{"line":30,"column":8},"end":{"line":30,"column":22}},"22":{"start":{"line":31,"column":8},"end":{"line":37,"column":11}},"23":{"start":{"line":32,"column":12},"end":{"line":36,"column":15}},"24":{"start":{"line":33,"column":16},"end":{"line":33,"column":50}},"25":{"start":{"line":34,"column":16},"end":{"line":34,"column":45}},"26":{"start":{"line":35,"column":16},"end":{"line":35,"column":23}},"27":{"start":{"line":39,"column":8},"end":{"line":41,"column":11}},"28":{"start":{"line":40,"column":12},"end":{"line":40,"column":42}},"29":{"start":{"line":42,"column":8},"end":{"line":44,"column":11}},"30":{"start":{"line":43,"column":12},"end":{"line":43,"column":56}},"31":{"start":{"line":47,"column":4},"end":{"line":67,"column":7}},"32":{"start":{"line":48,"column":8},"end":{"line":48,"column":22}},"33":{"start":{"line":50,"column":8},"end":{"line":50,"column":48}},"34":{"start":{"line":51,"column":8},"end":{"line":51,"column":61}},"35":{"start":{"line":52,"column":8},"end":{"line":59,"column":11}},"36":{"start":{"line":53,"column":12},"end":{"line":58,"column":15}},"37":{"start":{"line":55,"column":16},"end":{"line":55,"column":50}},"38":{"start":{"line":56,"column":16},"end":{"line":56,"column":45}},"39":{"start":{"line":57,"column":16},"end":{"line":57,"column":23}},"40":{"start":{"line":61,"column":8},"end":{"line":63,"column":11}},"41":{"start":{"line":62,"column":12},"end":{"line":62,"column":42}},"42":{"start":{"line":64,"column":8},"end":{"line":66,"column":11}},"43":{"start":{"line":65,"column":12},"end":{"line":65,"column":50}},"44":{"start":{"line":69,"column":4},"end":{"line":86,"column":7}},"45":{"start":{"line":70,"column":8},"end":{"line":70,"column":22}},"46":{"start":{"line":71,"column":8},"end":{"line":78,"column":11}},"47":{"start":{"line":72,"column":12},"end":{"line":77,"column":15}},"48":{"start":{"line":74,"column":16},"end":{"line":74,"column":50}},"49":{"start":{"line":75,"column":16},"end":{"line":75,"column":45}},"50":{"start":{"line":76,"column":16},"end":{"line":76,"column":23}},"51":{"start":{"line":80,"column":8},"end":{"line":82,"column":11}},"52":{"start":{"line":81,"column":12},"end":{"line":81,"column":42}},"53":{"start":{"line":83,"column":8},"end":{"line":85,"column":11}},"54":{"start":{"line":84,"column":12},"end":{"line":84,"column":42}},"55":{"start":{"line":88,"column":4},"end":{"line":115,"column":7}},"56":{"start":{"line":89,"column":8},"end":{"line":89,"column":22}},"57":{"start":{"line":90,"column":8},"end":{"line":90,"column":46}},"58":{"start":{"line":91,"column":8},"end":{"line":91,"column":70}},"59":{"start":{"line":92,"column":8},"end":{"line":92,"column":59}},"60":{"start":{"line":93,"column":8},"end":{"line":107,"column":11}},"61":{"start":{"line":94,"column":12},"end":{"line":106,"column":15}},"62":{"start":{"line":103,"column":16},"end":{"line":103,"column":50}},"63":{"start":{"line":104,"column":16},"end":{"line":104,"column":61}},"64":{"start":{"line":105,"column":16},"end":{"line":105,"column":23}},"65":{"start":{"line":109,"column":8},"end":{"line":111,"column":11}},"66":{"start":{"line":110,"column":12},"end":{"line":110,"column":42}},"67":{"start":{"line":112,"column":8},"end":{"line":114,"column":11}},"68":{"start":{"line":113,"column":13},"end":{"line":113,"column":66}},"69":{"start":{"line":117,"column":4},"end":{"line":141,"column":7}},"70":{"start":{"line":118,"column":8},"end":{"line":118,"column":22}},"71":{"start":{"line":119,"column":8},"end":{"line":119,"column":46}},"72":{"start":{"line":120,"column":8},"end":{"line":120,"column":32}},"73":{"start":{"line":121,"column":8},"end":{"line":121,"column":59}},"74":{"start":{"line":122,"column":8},"end":{"line":136,"column":11}},"75":{"start":{"line":123,"column":12},"end":{"line":135,"column":15}},"76":{"start":{"line":132,"column":16},"end":{"line":132,"column":50}},"77":{"start":{"line":133,"column":16},"end":{"line":133,"column":61}},"78":{"start":{"line":134,"column":16},"end":{"line":134,"column":23}},"79":{"start":{"line":138,"column":8},"end":{"line":140,"column":11}},"80":{"start":{"line":139,"column":12},"end":{"line":139,"column":42}},"81":{"start":{"line":143,"column":4},"end":{"line":163,"column":7}},"82":{"start":{"line":144,"column":8},"end":{"line":144,"column":22}},"83":{"start":{"line":145,"column":8},"end":{"line":145,"column":33}},"84":{"start":{"line":146,"column":8},"end":{"line":146,"column":74}},"85":{"start":{"line":147,"column":8},"end":{"line":154,"column":11}},"86":{"start":{"line":148,"column":12},"end":{"line":153,"column":15}},"87":{"start":{"line":150,"column":16},"end":{"line":150,"column":50}},"88":{"start":{"line":151,"column":16},"end":{"line":151,"column":45}},"89":{"start":{"line":152,"column":16},"end":{"line":152,"column":23}},"90":{"start":{"line":156,"column":8},"end":{"line":158,"column":11}},"91":{"start":{"line":157,"column":12},"end":{"line":157,"column":42}},"92":{"start":{"line":159,"column":8},"end":{"line":162,"column":11}},"93":{"start":{"line":160,"column":12},"end":{"line":160,"column":60}},"94":{"start":{"line":161,"column":12},"end":{"line":161,"column":49}},"95":{"start":{"line":165,"column":4},"end":{"line":181,"column":7}},"96":{"start":{"line":166,"column":8},"end":{"line":166,"column":22}},"97":{"start":{"line":167,"column":8},"end":{"line":167,"column":49}},"98":{"start":{"line":168,"column":8},"end":{"line":168,"column":72}},"99":{"start":{"line":169,"column":8},"end":{"line":176,"column":11}},"100":{"start":{"line":170,"column":12},"end":{"line":175,"column":15}},"101":{"start":{"line":172,"column":16},"end":{"line":172,"column":50}},"102":{"start":{"line":173,"column":16},"end":{"line":173,"column":45}},"103":{"start":{"line":174,"column":16},"end":{"line":174,"column":23}},"104":{"start":{"line":178,"column":8},"end":{"line":180,"column":11}},"105":{"start":{"line":179,"column":12},"end":{"line":179,"column":42}},"106":{"start":{"line":186,"column":4},"end":{"line":203,"column":7}},"107":{"start":{"line":187,"column":8},"end":{"line":187,"column":22}},"108":{"start":{"line":188,"column":8},"end":{"line":188,"column":24}},"109":{"start":{"line":189,"column":8},"end":{"line":195,"column":11}},"110":{"start":{"line":190,"column":12},"end":{"line":194,"column":15}},"111":{"start":{"line":191,"column":16},"end":{"line":191,"column":50}},"112":{"start":{"line":192,"column":16},"end":{"line":192,"column":45}},"113":{"start":{"line":193,"column":16},"end":{"line":193,"column":23}},"114":{"start":{"line":197,"column":8},"end":{"line":199,"column":11}},"115":{"start":{"line":198,"column":12},"end":{"line":198,"column":42}},"116":{"start":{"line":200,"column":8},"end":{"line":202,"column":11}},"117":{"start":{"line":201,"column":12},"end":{"line":201,"column":56}},"118":{"start":{"line":205,"column":4},"end":{"line":225,"column":7}},"119":{"start":{"line":206,"column":8},"end":{"line":206,"column":22}},"120":{"start":{"line":208,"column":8},"end":{"line":208,"column":48}},"121":{"start":{"line":209,"column":8},"end":{"line":209,"column":64}},"122":{"start":{"line":210,"column":8},"end":{"line":217,"column":11}},"123":{"start":{"line":211,"column":12},"end":{"line":216,"column":15}},"124":{"start":{"line":213,"column":16},"end":{"line":213,"column":50}},"125":{"start":{"line":214,"column":16},"end":{"line":214,"column":45}},"126":{"start":{"line":215,"column":16},"end":{"line":215,"column":23}},"127":{"start":{"line":219,"column":8},"end":{"line":221,"column":11}},"128":{"start":{"line":220,"column":12},"end":{"line":220,"column":42}},"129":{"start":{"line":222,"column":8},"end":{"line":224,"column":11}},"130":{"start":{"line":223,"column":12},"end":{"line":223,"column":50}},"131":{"start":{"line":227,"column":4},"end":{"line":244,"column":7}},"132":{"start":{"line":228,"column":8},"end":{"line":228,"column":22}},"133":{"start":{"line":229,"column":8},"end":{"line":236,"column":11}},"134":{"start":{"line":230,"column":12},"end":{"line":235,"column":15}},"135":{"start":{"line":232,"column":16},"end":{"line":232,"column":50}},"136":{"start":{"line":233,"column":16},"end":{"line":233,"column":45}},"137":{"start":{"line":234,"column":16},"end":{"line":234,"column":23}},"138":{"start":{"line":238,"column":8},"end":{"line":240,"column":11}},"139":{"start":{"line":239,"column":12},"end":{"line":239,"column":42}},"140":{"start":{"line":241,"column":8},"end":{"line":243,"column":11}},"141":{"start":{"line":242,"column":12},"end":{"line":242,"column":42}},"142":{"start":{"line":246,"column":4},"end":{"line":279,"column":7}},"143":{"start":{"line":247,"column":8},"end":{"line":247,"column":22}},"144":{"start":{"line":248,"column":8},"end":{"line":248,"column":69}},"145":{"start":{"line":249,"column":8},"end":{"line":249,"column":65}},"146":{"start":{"line":250,"column":8},"end":{"line":250,"column":36}},"147":{"start":{"line":251,"column":8},"end":{"line":251,"column":34}},"148":{"start":{"line":252,"column":8},"end":{"line":252,"column":49}},"149":{"start":{"line":253,"column":8},"end":{"line":253,"column":25}},"150":{"start":{"line":254,"column":8},"end":{"line":254,"column":46}},"151":{"start":{"line":255,"column":8},"end":{"line":271,"column":11}},"152":{"start":{"line":256,"column":12},"end":{"line":270,"column":15}},"153":{"start":{"line":267,"column":16},"end":{"line":267,"column":50}},"154":{"start":{"line":268,"column":16},"end":{"line":268,"column":61}},"155":{"start":{"line":269,"column":16},"end":{"line":269,"column":23}},"156":{"start":{"line":273,"column":8},"end":{"line":275,"column":11}},"157":{"start":{"line":274,"column":12},"end":{"line":274,"column":42}},"158":{"start":{"line":276,"column":8},"end":{"line":278,"column":11}},"159":{"start":{"line":277,"column":13},"end":{"line":277,"column":69}},"160":{"start":{"line":281,"column":4},"end":{"line":310,"column":7}},"161":{"start":{"line":282,"column":8},"end":{"line":282,"column":22}},"162":{"start":{"line":283,"column":8},"end":{"line":283,"column":46}},"163":{"start":{"line":284,"column":8},"end":{"line":284,"column":36}},"164":{"start":{"line":285,"column":8},"end":{"line":285,"column":34}},"165":{"start":{"line":286,"column":8},"end":{"line":286,"column":49}},"166":{"start":{"line":287,"column":8},"end":{"line":287,"column":25}},"167":{"start":{"line":288,"column":8},"end":{"line":288,"column":46}},"168":{"start":{"line":289,"column":8},"end":{"line":305,"column":11}},"169":{"start":{"line":290,"column":12},"end":{"line":304,"column":15}},"170":{"start":{"line":301,"column":16},"end":{"line":301,"column":50}},"171":{"start":{"line":302,"column":16},"end":{"line":302,"column":61}},"172":{"start":{"line":303,"column":16},"end":{"line":303,"column":23}},"173":{"start":{"line":307,"column":8},"end":{"line":309,"column":11}},"174":{"start":{"line":308,"column":12},"end":{"line":308,"column":42}},"175":{"start":{"line":315,"column":4},"end":{"line":331,"column":7}},"176":{"start":{"line":316,"column":8},"end":{"line":316,"column":22}},"177":{"start":{"line":317,"column":8},"end":{"line":323,"column":11}},"178":{"start":{"line":318,"column":12},"end":{"line":322,"column":15}},"179":{"start":{"line":319,"column":16},"end":{"line":319,"column":50}},"180":{"start":{"line":320,"column":16},"end":{"line":320,"column":45}},"181":{"start":{"line":321,"column":16},"end":{"line":321,"column":23}},"182":{"start":{"line":325,"column":8},"end":{"line":327,"column":11}},"183":{"start":{"line":326,"column":12},"end":{"line":326,"column":42}},"184":{"start":{"line":328,"column":8},"end":{"line":330,"column":11}},"185":{"start":{"line":329,"column":12},"end":{"line":329,"column":56}},"186":{"start":{"line":333,"column":4},"end":{"line":352,"column":7}},"187":{"start":{"line":334,"column":8},"end":{"line":334,"column":22}},"188":{"start":{"line":335,"column":8},"end":{"line":335,"column":48}},"189":{"start":{"line":336,"column":8},"end":{"line":336,"column":61}},"190":{"start":{"line":337,"column":8},"end":{"line":344,"column":11}},"191":{"start":{"line":338,"column":12},"end":{"line":343,"column":15}},"192":{"start":{"line":340,"column":16},"end":{"line":340,"column":50}},"193":{"start":{"line":341,"column":16},"end":{"line":341,"column":45}},"194":{"start":{"line":342,"column":16},"end":{"line":342,"column":23}},"195":{"start":{"line":346,"column":8},"end":{"line":348,"column":11}},"196":{"start":{"line":347,"column":12},"end":{"line":347,"column":42}},"197":{"start":{"line":349,"column":8},"end":{"line":351,"column":11}},"198":{"start":{"line":350,"column":12},"end":{"line":350,"column":50}},"199":{"start":{"line":354,"column":4},"end":{"line":373,"column":7}},"200":{"start":{"line":355,"column":8},"end":{"line":355,"column":22}},"201":{"start":{"line":356,"column":8},"end":{"line":356,"column":48}},"202":{"start":{"line":357,"column":8},"end":{"line":357,"column":48}},"203":{"start":{"line":358,"column":8},"end":{"line":358,"column":70}},"204":{"start":{"line":359,"column":8},"end":{"line":366,"column":11}},"205":{"start":{"line":360,"column":12},"end":{"line":365,"column":15}},"206":{"start":{"line":362,"column":16},"end":{"line":362,"column":50}},"207":{"start":{"line":363,"column":16},"end":{"line":363,"column":45}},"208":{"start":{"line":364,"column":16},"end":{"line":364,"column":23}},"209":{"start":{"line":368,"column":8},"end":{"line":372,"column":11}},"210":{"start":{"line":369,"column":12},"end":{"line":369,"column":42}},"211":{"start":{"line":370,"column":12},"end":{"line":370,"column":53}},"212":{"start":{"line":371,"column":12},"end":{"line":371,"column":19}},"213":{"start":{"line":375,"column":4},"end":{"line":408,"column":7}},"214":{"start":{"line":376,"column":8},"end":{"line":376,"column":22}},"215":{"start":{"line":377,"column":8},"end":{"line":377,"column":66}},"216":{"start":{"line":378,"column":8},"end":{"line":378,"column":51}},"217":{"start":{"line":379,"column":8},"end":{"line":379,"column":36}},"218":{"start":{"line":380,"column":8},"end":{"line":380,"column":34}},"219":{"start":{"line":381,"column":8},"end":{"line":381,"column":49}},"220":{"start":{"line":382,"column":8},"end":{"line":382,"column":26}},"221":{"start":{"line":383,"column":8},"end":{"line":383,"column":71}},"222":{"start":{"line":384,"column":8},"end":{"line":384,"column":74}},"223":{"start":{"line":385,"column":8},"end":{"line":385,"column":73}},"224":{"start":{"line":386,"column":8},"end":{"line":404,"column":11}},"225":{"start":{"line":387,"column":12},"end":{"line":403,"column":15}},"226":{"start":{"line":400,"column":16},"end":{"line":400,"column":50}},"227":{"start":{"line":401,"column":16},"end":{"line":401,"column":61}},"228":{"start":{"line":402,"column":16},"end":{"line":402,"column":23}},"229":{"start":{"line":405,"column":8},"end":{"line":407,"column":11}},"230":{"start":{"line":406,"column":12},"end":{"line":406,"column":42}},"231":{"start":{"line":410,"column":4},"end":{"line":442,"column":7}},"232":{"start":{"line":411,"column":8},"end":{"line":411,"column":22}},"233":{"start":{"line":412,"column":8},"end":{"line":412,"column":35}},"234":{"start":{"line":413,"column":8},"end":{"line":413,"column":36}},"235":{"start":{"line":414,"column":8},"end":{"line":414,"column":34}},"236":{"start":{"line":415,"column":8},"end":{"line":415,"column":49}},"237":{"start":{"line":416,"column":8},"end":{"line":416,"column":26}},"238":{"start":{"line":417,"column":8},"end":{"line":417,"column":71}},"239":{"start":{"line":418,"column":8},"end":{"line":418,"column":74}},"240":{"start":{"line":419,"column":8},"end":{"line":419,"column":73}},"241":{"start":{"line":420,"column":8},"end":{"line":438,"column":11}},"242":{"start":{"line":421,"column":12},"end":{"line":437,"column":15}},"243":{"start":{"line":434,"column":16},"end":{"line":434,"column":50}},"244":{"start":{"line":435,"column":16},"end":{"line":435,"column":61}},"245":{"start":{"line":436,"column":16},"end":{"line":436,"column":23}},"246":{"start":{"line":439,"column":8},"end":{"line":441,"column":11}},"247":{"start":{"line":440,"column":12},"end":{"line":440,"column":42}},"248":{"start":{"line":447,"column":4},"end":{"line":463,"column":7}},"249":{"start":{"line":448,"column":8},"end":{"line":448,"column":22}},"250":{"start":{"line":449,"column":8},"end":{"line":455,"column":11}},"251":{"start":{"line":450,"column":12},"end":{"line":454,"column":15}},"252":{"start":{"line":451,"column":16},"end":{"line":451,"column":50}},"253":{"start":{"line":452,"column":16},"end":{"line":452,"column":45}},"254":{"start":{"line":453,"column":16},"end":{"line":453,"column":23}},"255":{"start":{"line":457,"column":8},"end":{"line":459,"column":11}},"256":{"start":{"line":458,"column":12},"end":{"line":458,"column":42}},"257":{"start":{"line":460,"column":8},"end":{"line":462,"column":11}},"258":{"start":{"line":461,"column":12},"end":{"line":461,"column":56}},"259":{"start":{"line":465,"column":4},"end":{"line":484,"column":7}},"260":{"start":{"line":466,"column":8},"end":{"line":466,"column":22}},"261":{"start":{"line":467,"column":8},"end":{"line":467,"column":48}},"262":{"start":{"line":468,"column":8},"end":{"line":468,"column":67}},"263":{"start":{"line":469,"column":8},"end":{"line":476,"column":11}},"264":{"start":{"line":470,"column":12},"end":{"line":475,"column":15}},"265":{"start":{"line":472,"column":16},"end":{"line":472,"column":50}},"266":{"start":{"line":473,"column":16},"end":{"line":473,"column":45}},"267":{"start":{"line":474,"column":16},"end":{"line":474,"column":23}},"268":{"start":{"line":478,"column":8},"end":{"line":480,"column":11}},"269":{"start":{"line":479,"column":12},"end":{"line":479,"column":42}},"270":{"start":{"line":481,"column":8},"end":{"line":483,"column":11}},"271":{"start":{"line":482,"column":12},"end":{"line":482,"column":50}},"272":{"start":{"line":486,"column":4},"end":{"line":511,"column":7}},"273":{"start":{"line":487,"column":8},"end":{"line":487,"column":22}},"274":{"start":{"line":488,"column":8},"end":{"line":488,"column":66}},"275":{"start":{"line":489,"column":8},"end":{"line":489,"column":53}},"276":{"start":{"line":491,"column":8},"end":{"line":503,"column":11}},"277":{"start":{"line":492,"column":12},"end":{"line":502,"column":15}},"278":{"start":{"line":499,"column":16},"end":{"line":499,"column":50}},"279":{"start":{"line":500,"column":16},"end":{"line":500,"column":61}},"280":{"start":{"line":501,"column":16},"end":{"line":501,"column":23}},"281":{"start":{"line":505,"column":8},"end":{"line":507,"column":11}},"282":{"start":{"line":506,"column":12},"end":{"line":506,"column":42}},"283":{"start":{"line":508,"column":8},"end":{"line":510,"column":11}},"284":{"start":{"line":509,"column":13},"end":{"line":509,"column":68}},"285":{"start":{"line":513,"column":4},"end":{"line":535,"column":7}},"286":{"start":{"line":514,"column":8},"end":{"line":514,"column":22}},"287":{"start":{"line":515,"column":8},"end":{"line":515,"column":39}},"288":{"start":{"line":517,"column":8},"end":{"line":529,"column":11}},"289":{"start":{"line":518,"column":12},"end":{"line":528,"column":15}},"290":{"start":{"line":525,"column":16},"end":{"line":525,"column":50}},"291":{"start":{"line":526,"column":16},"end":{"line":526,"column":61}},"292":{"start":{"line":527,"column":16},"end":{"line":527,"column":23}},"293":{"start":{"line":531,"column":8},"end":{"line":533,"column":11}},"294":{"start":{"line":532,"column":12},"end":{"line":532,"column":42}},"295":{"start":{"line":537,"column":4},"end":{"line":570,"column":7}},"296":{"start":{"line":538,"column":8},"end":{"line":538,"column":22}},"297":{"start":{"line":539,"column":8},"end":{"line":539,"column":23}},"298":{"start":{"line":540,"column":8},"end":{"line":540,"column":24}},"299":{"start":{"line":541,"column":8},"end":{"line":558,"column":11}},"300":{"start":{"line":542,"column":12},"end":{"line":549,"column":13}},"301":{"start":{"line":543,"column":16},"end":{"line":548,"column":19}},"302":{"start":{"line":544,"column":20},"end":{"line":544,"column":54}},"303":{"start":{"line":545,"column":20},"end":{"line":545,"column":49}},"304":{"start":{"line":546,"column":20},"end":{"line":546,"column":30}},"305":{"start":{"line":547,"column":20},"end":{"line":547,"column":27}},"306":{"start":{"line":550,"column":12},"end":{"line":557,"column":13}},"307":{"start":{"line":551,"column":16},"end":{"line":551,"column":85}},"308":{"start":{"line":552,"column":16},"end":{"line":556,"column":19}},"309":{"start":{"line":553,"column":20},"end":{"line":553,"column":54}},"310":{"start":{"line":554,"column":20},"end":{"line":554,"column":49}},"311":{"start":{"line":555,"column":20},"end":{"line":555,"column":27}},"312":{"start":{"line":560,"column":8},"end":{"line":564,"column":11}},"313":{"start":{"line":561,"column":12},"end":{"line":561,"column":42}},"314":{"start":{"line":562,"column":12},"end":{"line":562,"column":42}},"315":{"start":{"line":563,"column":12},"end":{"line":563,"column":19}},"316":{"start":{"line":566,"column":8},"end":{"line":569,"column":11}},"317":{"start":{"line":567,"column":12},"end":{"line":567,"column":42}},"318":{"start":{"line":568,"column":12},"end":{"line":568,"column":19}},"319":{"start":{"line":575,"column":4},"end":{"line":608,"column":7}},"320":{"start":{"line":576,"column":8},"end":{"line":576,"column":22}},"321":{"start":{"line":577,"column":8},"end":{"line":577,"column":22}},"322":{"start":{"line":578,"column":8},"end":{"line":578,"column":24}},"323":{"start":{"line":579,"column":8},"end":{"line":596,"column":11}},"324":{"start":{"line":580,"column":12},"end":{"line":587,"column":13}},"325":{"start":{"line":581,"column":16},"end":{"line":586,"column":19}},"326":{"start":{"line":582,"column":20},"end":{"line":582,"column":54}},"327":{"start":{"line":583,"column":20},"end":{"line":583,"column":49}},"328":{"start":{"line":584,"column":20},"end":{"line":584,"column":30}},"329":{"start":{"line":585,"column":20},"end":{"line":585,"column":27}},"330":{"start":{"line":588,"column":12},"end":{"line":595,"column":13}},"331":{"start":{"line":589,"column":16},"end":{"line":589,"column":78}},"332":{"start":{"line":590,"column":16},"end":{"line":594,"column":19}},"333":{"start":{"line":591,"column":20},"end":{"line":591,"column":54}},"334":{"start":{"line":592,"column":20},"end":{"line":592,"column":49}},"335":{"start":{"line":593,"column":20},"end":{"line":593,"column":27}},"336":{"start":{"line":598,"column":8},"end":{"line":602,"column":11}},"337":{"start":{"line":599,"column":12},"end":{"line":599,"column":41}},"338":{"start":{"line":600,"column":12},"end":{"line":600,"column":42}},"339":{"start":{"line":601,"column":12},"end":{"line":601,"column":19}},"340":{"start":{"line":604,"column":8},"end":{"line":607,"column":11}},"341":{"start":{"line":605,"column":12},"end":{"line":605,"column":42}},"342":{"start":{"line":606,"column":12},"end":{"line":606,"column":19}},"343":{"start":{"line":650,"column":4},"end":{"line":685,"column":7}},"344":{"start":{"line":651,"column":8},"end":{"line":651,"column":22}},"345":{"start":{"line":652,"column":8},"end":{"line":652,"column":22}},"346":{"start":{"line":653,"column":8},"end":{"line":653,"column":24}},"347":{"start":{"line":654,"column":8},"end":{"line":671,"column":11}},"348":{"start":{"line":655,"column":12},"end":{"line":662,"column":13}},"349":{"start":{"line":656,"column":16},"end":{"line":661,"column":19}},"350":{"start":{"line":657,"column":20},"end":{"line":657,"column":54}},"351":{"start":{"line":658,"column":20},"end":{"line":658,"column":49}},"352":{"start":{"line":659,"column":20},"end":{"line":659,"column":30}},"353":{"start":{"line":660,"column":20},"end":{"line":660,"column":27}},"354":{"start":{"line":663,"column":12},"end":{"line":670,"column":13}},"355":{"start":{"line":664,"column":16},"end":{"line":664,"column":81}},"356":{"start":{"line":665,"column":16},"end":{"line":669,"column":19}},"357":{"start":{"line":666,"column":20},"end":{"line":666,"column":54}},"358":{"start":{"line":667,"column":20},"end":{"line":667,"column":49}},"359":{"start":{"line":668,"column":20},"end":{"line":668,"column":27}},"360":{"start":{"line":673,"column":8},"end":{"line":679,"column":11}},"361":{"start":{"line":674,"column":12},"end":{"line":674,"column":42}},"362":{"start":{"line":675,"column":12},"end":{"line":677,"column":13}},"363":{"start":{"line":676,"column":16},"end":{"line":676,"column":45}},"364":{"start":{"line":678,"column":12},"end":{"line":678,"column":19}},"365":{"start":{"line":681,"column":8},"end":{"line":684,"column":11}},"366":{"start":{"line":682,"column":12},"end":{"line":682,"column":42}},"367":{"start":{"line":683,"column":12},"end":{"line":683,"column":19}},"368":{"start":{"line":690,"column":4},"end":{"line":726,"column":7}},"369":{"start":{"line":691,"column":8},"end":{"line":691,"column":22}},"370":{"start":{"line":692,"column":8},"end":{"line":692,"column":48}},"371":{"start":{"line":693,"column":8},"end":{"line":693,"column":67}},"372":{"start":{"line":694,"column":8},"end":{"line":694,"column":35}},"373":{"start":{"line":695,"column":8},"end":{"line":695,"column":36}},"374":{"start":{"line":696,"column":8},"end":{"line":696,"column":34}},"375":{"start":{"line":697,"column":8},"end":{"line":697,"column":49}},"376":{"start":{"line":698,"column":8},"end":{"line":698,"column":26}},"377":{"start":{"line":699,"column":8},"end":{"line":699,"column":71}},"378":{"start":{"line":700,"column":8},"end":{"line":700,"column":74}},"379":{"start":{"line":701,"column":8},"end":{"line":701,"column":73}},"380":{"start":{"line":703,"column":8},"end":{"line":703,"column":53}},"381":{"start":{"line":704,"column":8},"end":{"line":722,"column":11}},"382":{"start":{"line":705,"column":12},"end":{"line":721,"column":15}},"383":{"start":{"line":718,"column":16},"end":{"line":718,"column":50}},"384":{"start":{"line":719,"column":16},"end":{"line":719,"column":61}},"385":{"start":{"line":720,"column":16},"end":{"line":720,"column":23}},"386":{"start":{"line":723,"column":8},"end":{"line":725,"column":11}},"387":{"start":{"line":724,"column":12},"end":{"line":724,"column":42}}},"branchMap":{"1":{"line":542,"type":"if","locations":[{"start":{"line":542,"column":12},"end":{"line":542,"column":12}},{"start":{"line":542,"column":12},"end":{"line":542,"column":12}}]},"2":{"line":550,"type":"if","locations":[{"start":{"line":550,"column":12},"end":{"line":550,"column":12}},{"start":{"line":550,"column":12},"end":{"line":550,"column":12}}]},"3":{"line":580,"type":"if","locations":[{"start":{"line":580,"column":12},"end":{"line":580,"column":12}},{"start":{"line":580,"column":12},"end":{"line":580,"column":12}}]},"4":{"line":588,"type":"if","locations":[{"start":{"line":588,"column":12},"end":{"line":588,"column":12}},{"start":{"line":588,"column":12},"end":{"line":588,"column":12}}]},"5":{"line":655,"type":"if","locations":[{"start":{"line":655,"column":12},"end":{"line":655,"column":12}},{"start":{"line":655,"column":12},"end":{"line":655,"column":12}}]},"6":{"line":663,"type":"if","locations":[{"start":{"line":663,"column":12},"end":{"line":663,"column":12}},{"start":{"line":663,"column":12},"end":{"line":663,"column":12}}]},"7":{"line":675,"type":"if","locations":[{"start":{"line":675,"column":12},"end":{"line":675,"column":12}},{"start":{"line":675,"column":12},"end":{"line":675,"column":12}}]}}},"C:\\Users\\Admin\\santhosh\\FinalProj\\PMBackend\\server.js":{"path":"C:\\Users\\Admin\\santhosh\\FinalProj\\PMBackend\\server.js","s":{"1":1,"2":1,"3":1,"4":1,"5":1,"6":1,"7":1,"8":1,"9":1,"10":1,"11":1,"12":1,"13":1,"14":1,"15":1,"16":1,"17":1,"18":1,"19":1,"20":1,"21":1,"22":0,"23":0,"24":1,"25":1,"26":1,"27":1,"28":0,"29":0,"30":1,"31":1,"32":2,"33":2,"34":1,"35":1,"36":1,"37":1,"38":1,"39":1,"40":1,"41":0,"42":0,"43":1,"44":1,"45":2,"46":2,"47":2,"48":1,"49":1,"50":1,"51":1,"52":1,"53":0,"54":0,"55":0,"56":0,"57":0,"58":0,"59":0,"60":0,"61":0,"62":0,"63":1,"64":1,"65":1,"66":1,"67":0,"68":1,"69":1,"70":2,"71":2,"72":0,"73":0,"74":2,"75":1,"76":1,"77":1,"78":0,"79":0,"80":1,"81":1,"82":1,"83":1,"84":1,"85":0,"86":0,"87":1,"88":1,"89":1,"90":2,"91":2,"92":2,"93":1,"94":1,"95":1,"96":1,"97":1,"98":1,"99":1,"100":1,"101":0,"102":1,"103":1,"104":1,"105":1,"106":1,"107":1,"108":1,"109":1,"110":1,"111":1,"112":0,"113":1,"114":1,"115":1,"116":1,"117":1,"118":0,"119":1,"120":0,"121":0,"122":0,"123":0,"124":0,"125":0,"126":0,"127":0,"128":0,"129":0,"130":0,"131":0,"132":0,"133":1,"134":2,"135":2,"136":0,"137":2,"138":1,"139":1,"140":1,"141":0,"142":0,"143":1,"144":1,"145":2,"146":2,"147":2,"148":2,"149":1,"150":1,"151":1,"152":1,"153":1,"154":1,"155":1,"156":1,"157":1,"158":0,"159":1,"160":2,"161":2,"162":2,"163":0,"164":2,"165":1,"166":2,"167":2,"168":1,"169":1,"170":1,"171":1,"172":2,"173":2,"174":2,"175":1,"176":1,"177":1,"178":1,"179":1,"180":0,"181":0,"182":0,"183":0,"184":0,"185":0,"186":0,"187":0,"188":0,"189":0,"190":0,"191":0,"192":1,"193":1,"194":1,"195":1,"196":0,"197":1,"198":1,"199":1,"200":1,"201":1},"b":{"1":[0,1],"2":[1,1],"3":[0,1],"4":[0,0],"5":[0,1],"6":[0,2],"7":[0,1],"8":[0,1],"9":[0,1],"10":[1,0],"11":[0,0],"12":[0,2],"13":[0,1],"14":[1,0],"15":[0,2],"16":[1,1],"17":[0,0],"18":[0,1]},"f":{},"fnMap":{},"statementMap":{"1":{"start":{"line":9,"column":0},"end":{"line":9,"column":35}},"2":{"start":{"line":10,"column":0},"end":{"line":10,"column":29}},"3":{"start":{"line":11,"column":0},"end":{"line":11,"column":42}},"4":{"start":{"line":12,"column":0},"end":{"line":12,"column":37}},"5":{"start":{"line":13,"column":0},"end":{"line":13,"column":35}},"6":{"start":{"line":15,"column":0},"end":{"line":15,"column":44}},"7":{"start":{"line":21,"column":0},"end":{"line":30,"column":5}},"8":{"start":{"line":32,"column":0},"end":{"line":32,"column":18}},"9":{"start":{"line":33,"column":0},"end":{"line":33,"column":29}},"10":{"start":{"line":35,"column":0},"end":{"line":35,"column":22}},"11":{"start":{"line":36,"column":0},"end":{"line":36,"column":32}},"12":{"start":{"line":39,"column":0},"end":{"line":39,"column":16}},"13":{"start":{"line":42,"column":0},"end":{"line":42,"column":27}},"14":{"start":{"line":45,"column":0},"end":{"line":45,"column":101}},"15":{"start":{"line":48,"column":0},"end":{"line":48,"column":22}},"16":{"start":{"line":50,"column":0},"end":{"line":50,"column":39}},"17":{"start":{"line":52,"column":0},"end":{"line":54,"column":3}},"18":{"start":{"line":53,"column":4},"end":{"line":53,"column":55}},"19":{"start":{"line":56,"column":0},"end":{"line":56,"column":25}},"20":{"start":{"line":57,"column":0},"end":{"line":57,"column":62}},"21":{"start":{"line":60,"column":0},"end":{"line":64,"column":3}},"22":{"start":{"line":61,"column":4},"end":{"line":61,"column":37}},"23":{"start":{"line":62,"column":4},"end":{"line":62,"column":57}},"24":{"start":{"line":67,"column":0},"end":{"line":80,"column":3}},"25":{"start":{"line":68,"column":4},"end":{"line":68,"column":50}},"26":{"start":{"line":70,"column":4},"end":{"line":77,"column":7}},"27":{"start":{"line":71,"column":8},"end":{"line":76,"column":9}},"28":{"start":{"line":72,"column":12},"end":{"line":72,"column":54}},"29":{"start":{"line":73,"column":12},"end":{"line":73,"column":38}},"30":{"start":{"line":75,"column":12},"end":{"line":75,"column":40}},"31":{"start":{"line":82,"column":0},"end":{"line":95,"column":3}},"32":{"start":{"line":84,"column":4},"end":{"line":94,"column":7}},"33":{"start":{"line":85,"column":8},"end":{"line":93,"column":9}},"34":{"start":{"line":86,"column":12},"end":{"line":89,"column":27}},"35":{"start":{"line":90,"column":12},"end":{"line":90,"column":37}},"36":{"start":{"line":92,"column":12},"end":{"line":92,"column":27}},"37":{"start":{"line":97,"column":0},"end":{"line":112,"column":3}},"38":{"start":{"line":98,"column":4},"end":{"line":100,"column":19}},"39":{"start":{"line":101,"column":4},"end":{"line":111,"column":7}},"40":{"start":{"line":102,"column":8},"end":{"line":110,"column":9}},"41":{"start":{"line":103,"column":12},"end":{"line":106,"column":27}},"42":{"start":{"line":107,"column":12},"end":{"line":107,"column":37}},"43":{"start":{"line":109,"column":12},"end":{"line":109,"column":39}},"44":{"start":{"line":114,"column":0},"end":{"line":128,"column":3}},"45":{"start":{"line":115,"column":4},"end":{"line":117,"column":19}},"46":{"start":{"line":118,"column":4},"end":{"line":118,"column":42}},"47":{"start":{"line":119,"column":4},"end":{"line":127,"column":11}},"48":{"start":{"line":121,"column":12},"end":{"line":121,"column":65}},"49":{"start":{"line":122,"column":12},"end":{"line":122,"column":60}},"50":{"start":{"line":125,"column":12},"end":{"line":125,"column":62}},"51":{"start":{"line":126,"column":12},"end":{"line":126,"column":51}},"52":{"start":{"line":130,"column":0},"end":{"line":149,"column":3}},"53":{"start":{"line":131,"column":4},"end":{"line":134,"column":19}},"54":{"start":{"line":135,"column":4},"end":{"line":148,"column":7}},"55":{"start":{"line":136,"column":8},"end":{"line":147,"column":9}},"56":{"start":{"line":137,"column":12},"end":{"line":137,"column":71}},"57":{"start":{"line":139,"column":12},"end":{"line":139,"column":50}},"58":{"start":{"line":140,"column":12},"end":{"line":140,"column":48}},"59":{"start":{"line":141,"column":12},"end":{"line":141,"column":52}},"60":{"start":{"line":142,"column":12},"end":{"line":146,"column":15}},"61":{"start":{"line":143,"column":16},"end":{"line":143,"column":57}},"62":{"start":{"line":145,"column":16},"end":{"line":145,"column":60}},"63":{"start":{"line":151,"column":0},"end":{"line":162,"column":3}},"64":{"start":{"line":152,"column":4},"end":{"line":154,"column":19}},"65":{"start":{"line":155,"column":4},"end":{"line":161,"column":7}},"66":{"start":{"line":156,"column":8},"end":{"line":160,"column":9}},"67":{"start":{"line":157,"column":12},"end":{"line":157,"column":66}},"68":{"start":{"line":159,"column":12},"end":{"line":159,"column":71}},"69":{"start":{"line":165,"column":0},"end":{"line":177,"column":3}},"70":{"start":{"line":168,"column":4},"end":{"line":175,"column":7}},"71":{"start":{"line":169,"column":8},"end":{"line":174,"column":9}},"72":{"start":{"line":170,"column":12},"end":{"line":170,"column":54}},"73":{"start":{"line":171,"column":12},"end":{"line":171,"column":38}},"74":{"start":{"line":173,"column":12},"end":{"line":173,"column":39}},"75":{"start":{"line":179,"column":0},"end":{"line":192,"column":3}},"76":{"start":{"line":181,"column":4},"end":{"line":191,"column":7}},"77":{"start":{"line":182,"column":8},"end":{"line":190,"column":9}},"78":{"start":{"line":183,"column":12},"end":{"line":186,"column":27}},"79":{"start":{"line":187,"column":12},"end":{"line":187,"column":37}},"80":{"start":{"line":189,"column":12},"end":{"line":189,"column":27}},"81":{"start":{"line":194,"column":0},"end":{"line":210,"column":3}},"82":{"start":{"line":195,"column":4},"end":{"line":197,"column":19}},"83":{"start":{"line":198,"column":4},"end":{"line":209,"column":7}},"84":{"start":{"line":199,"column":8},"end":{"line":208,"column":9}},"85":{"start":{"line":200,"column":12},"end":{"line":203,"column":27}},"86":{"start":{"line":204,"column":12},"end":{"line":204,"column":37}},"87":{"start":{"line":206,"column":12},"end":{"line":206,"column":42}},"88":{"start":{"line":207,"column":12},"end":{"line":207,"column":40}},"89":{"start":{"line":212,"column":0},"end":{"line":227,"column":3}},"90":{"start":{"line":213,"column":4},"end":{"line":215,"column":19}},"91":{"start":{"line":216,"column":4},"end":{"line":216,"column":42}},"92":{"start":{"line":217,"column":4},"end":{"line":226,"column":11}},"93":{"start":{"line":219,"column":12},"end":{"line":219,"column":65}},"94":{"start":{"line":220,"column":12},"end":{"line":220,"column":60}},"95":{"start":{"line":223,"column":12},"end":{"line":223,"column":62}},"96":{"start":{"line":224,"column":12},"end":{"line":225,"column":49}},"97":{"start":{"line":229,"column":0},"end":{"line":253,"column":3}},"98":{"start":{"line":230,"column":4},"end":{"line":233,"column":19}},"99":{"start":{"line":234,"column":4},"end":{"line":252,"column":7}},"100":{"start":{"line":235,"column":8},"end":{"line":251,"column":9}},"101":{"start":{"line":236,"column":12},"end":{"line":236,"column":71}},"102":{"start":{"line":238,"column":12},"end":{"line":238,"column":38}},"103":{"start":{"line":239,"column":12},"end":{"line":239,"column":50}},"104":{"start":{"line":240,"column":12},"end":{"line":240,"column":46}},"105":{"start":{"line":241,"column":12},"end":{"line":241,"column":46}},"106":{"start":{"line":242,"column":12},"end":{"line":242,"column":42}},"107":{"start":{"line":243,"column":12},"end":{"line":243,"column":42}},"108":{"start":{"line":244,"column":12},"end":{"line":244,"column":38}},"109":{"start":{"line":245,"column":12},"end":{"line":245,"column":44}},"110":{"start":{"line":246,"column":12},"end":{"line":250,"column":15}},"111":{"start":{"line":247,"column":16},"end":{"line":247,"column":57}},"112":{"start":{"line":249,"column":16},"end":{"line":249,"column":60}},"113":{"start":{"line":255,"column":0},"end":{"line":264,"column":3}},"114":{"start":{"line":256,"column":4},"end":{"line":256,"column":50}},"115":{"start":{"line":257,"column":4},"end":{"line":263,"column":7}},"116":{"start":{"line":258,"column":8},"end":{"line":262,"column":9}},"117":{"start":{"line":259,"column":12},"end":{"line":259,"column":44}},"118":{"start":{"line":261,"column":12},"end":{"line":261,"column":50}},"119":{"start":{"line":266,"column":0},"end":{"line":285,"column":3}},"120":{"start":{"line":267,"column":4},"end":{"line":267,"column":48}},"121":{"start":{"line":268,"column":4},"end":{"line":284,"column":7}},"122":{"start":{"line":269,"column":8},"end":{"line":283,"column":9}},"123":{"start":{"line":270,"column":12},"end":{"line":270,"column":66}},"124":{"start":{"line":272,"column":12},"end":{"line":272,"column":34}},"125":{"start":{"line":273,"column":12},"end":{"line":273,"column":46}},"126":{"start":{"line":274,"column":12},"end":{"line":274,"column":42}},"127":{"start":{"line":275,"column":12},"end":{"line":275,"column":42}},"128":{"start":{"line":276,"column":12},"end":{"line":276,"column":38}},"129":{"start":{"line":277,"column":12},"end":{"line":277,"column":33}},"130":{"start":{"line":278,"column":12},"end":{"line":282,"column":15}},"131":{"start":{"line":279,"column":16},"end":{"line":279,"column":43}},"132":{"start":{"line":281,"column":16},"end":{"line":281,"column":57}},"133":{"start":{"line":288,"column":0},"end":{"line":298,"column":3}},"134":{"start":{"line":291,"column":4},"end":{"line":297,"column":7}},"135":{"start":{"line":292,"column":8},"end":{"line":296,"column":9}},"136":{"start":{"line":293,"column":12},"end":{"line":293,"column":38}},"137":{"start":{"line":295,"column":12},"end":{"line":295,"column":41}},"138":{"start":{"line":300,"column":0},"end":{"line":312,"column":3}},"139":{"start":{"line":301,"column":4},"end":{"line":311,"column":7}},"140":{"start":{"line":302,"column":8},"end":{"line":310,"column":9}},"141":{"start":{"line":303,"column":12},"end":{"line":306,"column":27}},"142":{"start":{"line":307,"column":12},"end":{"line":307,"column":37}},"143":{"start":{"line":309,"column":12},"end":{"line":309,"column":28}},"144":{"start":{"line":314,"column":0},"end":{"line":329,"column":3}},"145":{"start":{"line":315,"column":4},"end":{"line":315,"column":56}},"146":{"start":{"line":316,"column":4},"end":{"line":318,"column":19}},"147":{"start":{"line":319,"column":4},"end":{"line":319,"column":45}},"148":{"start":{"line":320,"column":4},"end":{"line":328,"column":11}},"149":{"start":{"line":322,"column":12},"end":{"line":322,"column":67}},"150":{"start":{"line":323,"column":12},"end":{"line":323,"column":60}},"151":{"start":{"line":326,"column":12},"end":{"line":326,"column":69}},"152":{"start":{"line":327,"column":12},"end":{"line":327,"column":51}},"153":{"start":{"line":331,"column":0},"end":{"line":340,"column":3}},"154":{"start":{"line":332,"column":4},"end":{"line":332,"column":57}},"155":{"start":{"line":333,"column":4},"end":{"line":339,"column":7}},"156":{"start":{"line":334,"column":8},"end":{"line":338,"column":9}},"157":{"start":{"line":335,"column":12},"end":{"line":335,"column":51}},"158":{"start":{"line":337,"column":12},"end":{"line":337,"column":57}},"159":{"start":{"line":343,"column":0},"end":{"line":352,"column":3}},"160":{"start":{"line":344,"column":4},"end":{"line":344,"column":52}},"161":{"start":{"line":345,"column":4},"end":{"line":351,"column":7}},"162":{"start":{"line":346,"column":8},"end":{"line":350,"column":9}},"163":{"start":{"line":347,"column":12},"end":{"line":347,"column":38}},"164":{"start":{"line":349,"column":12},"end":{"line":349,"column":43}},"165":{"start":{"line":354,"column":0},"end":{"line":366,"column":3}},"166":{"start":{"line":355,"column":4},"end":{"line":365,"column":7}},"167":{"start":{"line":356,"column":8},"end":{"line":364,"column":9}},"168":{"start":{"line":357,"column":12},"end":{"line":360,"column":27}},"169":{"start":{"line":361,"column":12},"end":{"line":361,"column":37}},"170":{"start":{"line":363,"column":12},"end":{"line":363,"column":30}},"171":{"start":{"line":368,"column":0},"end":{"line":382,"column":3}},"172":{"start":{"line":369,"column":4},"end":{"line":371,"column":19}},"173":{"start":{"line":372,"column":4},"end":{"line":372,"column":48}},"174":{"start":{"line":373,"column":4},"end":{"line":381,"column":11}},"175":{"start":{"line":375,"column":12},"end":{"line":375,"column":68}},"176":{"start":{"line":376,"column":12},"end":{"line":376,"column":67}},"177":{"start":{"line":379,"column":12},"end":{"line":379,"column":65}},"178":{"start":{"line":380,"column":12},"end":{"line":380,"column":59}},"179":{"start":{"line":384,"column":0},"end":{"line":405,"column":3}},"180":{"start":{"line":385,"column":4},"end":{"line":388,"column":19}},"181":{"start":{"line":389,"column":4},"end":{"line":404,"column":7}},"182":{"start":{"line":390,"column":8},"end":{"line":403,"column":9}},"183":{"start":{"line":391,"column":12},"end":{"line":391,"column":74}},"184":{"start":{"line":393,"column":12},"end":{"line":393,"column":57}},"185":{"start":{"line":394,"column":12},"end":{"line":394,"column":53}},"186":{"start":{"line":395,"column":12},"end":{"line":395,"column":49}},"187":{"start":{"line":396,"column":12},"end":{"line":396,"column":49}},"188":{"start":{"line":397,"column":12},"end":{"line":397,"column":41}},"189":{"start":{"line":398,"column":12},"end":{"line":402,"column":15}},"190":{"start":{"line":399,"column":16},"end":{"line":399,"column":60}},"191":{"start":{"line":401,"column":16},"end":{"line":401,"column":63}},"192":{"start":{"line":407,"column":0},"end":{"line":416,"column":3}},"193":{"start":{"line":408,"column":4},"end":{"line":408,"column":53}},"194":{"start":{"line":409,"column":4},"end":{"line":415,"column":7}},"195":{"start":{"line":410,"column":8},"end":{"line":414,"column":9}},"196":{"start":{"line":411,"column":12},"end":{"line":411,"column":47}},"197":{"start":{"line":413,"column":12},"end":{"line":413,"column":53}},"198":{"start":{"line":420,"column":0},"end":{"line":420,"column":21}},"199":{"start":{"line":424,"column":0},"end":{"line":426,"column":3}},"200":{"start":{"line":425,"column":4},"end":{"line":425,"column":84}},"201":{"start":{"line":428,"column":0},"end":{"line":428,"column":24}}},"branchMap":{"1":{"line":71,"type":"if","locations":[{"start":{"line":71,"column":8},"end":{"line":71,"column":8}},{"start":{"line":71,"column":8},"end":{"line":71,"column":8}}]},"2":{"line":85,"type":"if","locations":[{"start":{"line":85,"column":8},"end":{"line":85,"column":8}},{"start":{"line":85,"column":8},"end":{"line":85,"column":8}}]},"3":{"line":102,"type":"if","locations":[{"start":{"line":102,"column":8},"end":{"line":102,"column":8}},{"start":{"line":102,"column":8},"end":{"line":102,"column":8}}]},"4":{"line":136,"type":"if","locations":[{"start":{"line":136,"column":8},"end":{"line":136,"column":8}},{"start":{"line":136,"column":8},"end":{"line":136,"column":8}}]},"5":{"line":156,"type":"if","locations":[{"start":{"line":156,"column":8},"end":{"line":156,"column":8}},{"start":{"line":156,"column":8},"end":{"line":156,"column":8}}]},"6":{"line":169,"type":"if","locations":[{"start":{"line":169,"column":8},"end":{"line":169,"column":8}},{"start":{"line":169,"column":8},"end":{"line":169,"column":8}}]},"7":{"line":182,"type":"if","locations":[{"start":{"line":182,"column":8},"end":{"line":182,"column":8}},{"start":{"line":182,"column":8},"end":{"line":182,"column":8}}]},"8":{"line":199,"type":"if","locations":[{"start":{"line":199,"column":8},"end":{"line":199,"column":8}},{"start":{"line":199,"column":8},"end":{"line":199,"column":8}}]},"9":{"line":235,"type":"if","locations":[{"start":{"line":235,"column":8},"end":{"line":235,"column":8}},{"start":{"line":235,"column":8},"end":{"line":235,"column":8}}]},"10":{"line":258,"type":"if","locations":[{"start":{"line":258,"column":8},"end":{"line":258,"column":8}},{"start":{"line":258,"column":8},"end":{"line":258,"column":8}}]},"11":{"line":269,"type":"if","locations":[{"start":{"line":269,"column":8},"end":{"line":269,"column":8}},{"start":{"line":269,"column":8},"end":{"line":269,"column":8}}]},"12":{"line":292,"type":"if","locations":[{"start":{"line":292,"column":8},"end":{"line":292,"column":8}},{"start":{"line":292,"column":8},"end":{"line":292,"column":8}}]},"13":{"line":302,"type":"if","locations":[{"start":{"line":302,"column":8},"end":{"line":302,"column":8}},{"start":{"line":302,"column":8},"end":{"line":302,"column":8}}]},"14":{"line":334,"type":"if","locations":[{"start":{"line":334,"column":8},"end":{"line":334,"column":8}},{"start":{"line":334,"column":8},"end":{"line":334,"column":8}}]},"15":{"line":346,"type":"if","locations":[{"start":{"line":346,"column":8},"end":{"line":346,"column":8}},{"start":{"line":346,"column":8},"end":{"line":346,"column":8}}]},"16":{"line":356,"type":"if","locations":[{"start":{"line":356,"column":8},"end":{"line":356,"column":8}},{"start":{"line":356,"column":8},"end":{"line":356,"column":8}}]},"17":{"line":390,"type":"if","locations":[{"start":{"line":390,"column":8},"end":{"line":390,"column":8}},{"start":{"line":390,"column":8},"end":{"line":390,"column":8}}]},"18":{"line":410,"type":"if","locations":[{"start":{"line":410,"column":8},"end":{"line":410,"column":8}},{"start":{"line":410,"column":8},"end":{"line":410,"column":8}}]}}},"C:\\Users\\Admin\\santhosh\\FinalProj\\PMBackend\\models\\projmgr.js":{"path":"C:\\Users\\Admin\\santhosh\\FinalProj\\PMBackend\\models\\projmgr.js","s":{"1":1,"2":1,"3":1,"4":1,"5":1,"6":1,"7":1,"8":1,"9":1,"10":1},"b":{},"f":{},"fnMap":{},"statementMap":{"1":{"start":{"line":2,"column":0},"end":{"line":2,"column":37}},"2":{"start":{"line":5,"column":0},"end":{"line":5,"column":31}},"3":{"start":{"line":7,"column":0},"end":{"line":24,"column":3}},"4":{"start":{"line":26,"column":0},"end":{"line":54,"column":3}},"5":{"start":{"line":57,"column":0},"end":{"line":64,"column":3}},"6":{"start":{"line":66,"column":0},"end":{"line":106,"column":3}},"7":{"start":{"line":109,"column":0},"end":{"line":109,"column":51}},"8":{"start":{"line":110,"column":0},"end":{"line":110,"column":60}},"9":{"start":{"line":111,"column":0},"end":{"line":111,"column":51}},"10":{"start":{"line":112,"column":0},"end":{"line":112,"column":65}}},"branchMap":{}}}