TN:
SF:C:\Users\Admin\santhosh\FinalProj\PMBackend\spec\user.spec.js
FNF:0
FNH:0
DA:1,1
DA:2,1
DA:3,1
DA:4,1
DA:6,1
DA:7,1
DA:8,1
DA:9,1
DA:10,1
DA:11,1
DA:12,1
DA:15,1
DA:16,1
DA:17,1
DA:20,1
DA:21,42
DA:22,42
DA:25,1
DA:26,42
DA:29,1
DA:30,1
DA:31,1
DA:32,1
DA:33,1
DA:34,1
DA:35,1
DA:39,1
DA:40,1
DA:42,1
DA:43,1
DA:47,1
DA:48,1
DA:50,1
DA:51,1
DA:52,1
DA:53,1
DA:55,1
DA:56,1
DA:57,1
DA:61,1
DA:62,1
DA:64,1
DA:65,1
DA:69,1
DA:70,1
DA:71,1
DA:72,1
DA:74,1
DA:75,1
DA:76,1
DA:80,1
DA:81,1
DA:83,1
DA:84,1
DA:88,1
DA:89,1
DA:90,1
DA:91,1
DA:92,1
DA:93,1
DA:94,1
DA:103,1
DA:104,1
DA:105,1
DA:109,1
DA:110,1
DA:112,1
DA:113,1
DA:117,1
DA:118,1
DA:119,1
DA:120,1
DA:121,1
DA:122,1
DA:123,1
DA:132,1
DA:133,1
DA:134,1
DA:138,1
DA:139,1
DA:143,1
DA:144,1
DA:145,1
DA:146,1
DA:147,1
DA:148,1
DA:150,1
DA:151,1
DA:152,1
DA:156,1
DA:157,1
DA:159,1
DA:160,1
DA:161,1
DA:165,1
DA:166,1
DA:167,1
DA:168,1
DA:169,1
DA:170,1
DA:172,1
DA:173,1
DA:174,1
DA:178,1
DA:179,1
DA:186,1
DA:187,1
DA:188,1
DA:189,1
DA:190,1
DA:191,1
DA:192,1
DA:193,1
DA:197,1
DA:198,1
DA:200,1
DA:201,1
DA:205,1
DA:206,1
DA:208,1
DA:209,1
DA:210,1
DA:211,1
DA:213,1
DA:214,1
DA:215,1
DA:219,1
DA:220,1
DA:222,1
DA:223,1
DA:227,1
DA:228,1
DA:229,1
DA:230,1
DA:232,1
DA:233,1
DA:234,1
DA:238,1
DA:239,1
DA:241,1
DA:242,1
DA:246,1
DA:247,1
DA:248,1
DA:249,1
DA:250,1
DA:251,1
DA:252,1
DA:253,1
DA:254,1
DA:255,1
DA:256,1
DA:267,1
DA:268,1
DA:269,1
DA:273,1
DA:274,1
DA:276,1
DA:277,1
DA:281,1
DA:282,1
DA:283,1
DA:284,1
DA:285,1
DA:286,1
DA:287,1
DA:288,1
DA:289,1
DA:290,1
DA:301,1
DA:302,1
DA:303,1
DA:307,1
DA:308,1
DA:315,1
DA:316,1
DA:317,1
DA:318,1
DA:319,1
DA:320,1
DA:321,1
DA:325,1
DA:326,1
DA:328,1
DA:329,1
DA:333,1
DA:334,1
DA:335,1
DA:336,1
DA:337,1
DA:338,1
DA:340,1
DA:341,1
DA:342,1
DA:346,1
DA:347,1
DA:349,1
DA:350,1
DA:354,1
DA:355,1
DA:356,1
DA:357,1
DA:358,1
DA:359,1
DA:360,1
DA:362,1
DA:363,1
DA:364,1
DA:368,1
DA:369,1
DA:370,1
DA:371,1
DA:375,1
DA:376,1
DA:377,1
DA:378,1
DA:379,1
DA:380,1
DA:381,1
DA:382,1
DA:383,1
DA:384,1
DA:385,1
DA:386,1
DA:387,1
DA:400,1
DA:401,1
DA:402,1
DA:405,1
DA:406,1
DA:410,1
DA:411,1
DA:412,1
DA:413,1
DA:414,1
DA:415,1
DA:416,1
DA:417,1
DA:418,1
DA:419,1
DA:420,1
DA:421,1
DA:434,1
DA:435,1
DA:436,1
DA:439,1
DA:440,1
DA:447,1
DA:448,1
DA:449,1
DA:450,1
DA:451,1
DA:452,1
DA:453,1
DA:457,1
DA:458,1
DA:460,1
DA:461,1
DA:465,1
DA:466,1
DA:467,1
DA:468,1
DA:469,1
DA:470,1
DA:472,1
DA:473,1
DA:474,1
DA:478,1
DA:479,1
DA:481,1
DA:482,1
DA:486,1
DA:487,1
DA:488,1
DA:489,1
DA:491,1
DA:492,1
DA:499,1
DA:500,1
DA:501,1
DA:505,1
DA:506,1
DA:508,1
DA:509,1
DA:513,1
DA:514,1
DA:515,1
DA:517,1
DA:518,1
DA:525,1
DA:526,1
DA:527,1
DA:531,1
DA:532,1
DA:537,1
DA:538,1
DA:539,1
DA:540,1
DA:541,1
DA:542,2
DA:543,1
DA:544,1
DA:545,1
DA:546,1
DA:547,1
DA:550,2
DA:551,1
DA:552,1
DA:553,1
DA:554,1
DA:555,1
DA:560,1
DA:561,1
DA:562,1
DA:563,1
DA:566,1
DA:567,1
DA:568,1
DA:575,1
DA:576,1
DA:577,1
DA:578,1
DA:579,1
DA:580,2
DA:581,1
DA:582,1
DA:583,1
DA:584,1
DA:585,1
DA:588,2
DA:589,1
DA:590,1
DA:591,1
DA:592,1
DA:593,1
DA:598,1
DA:599,1
DA:600,1
DA:601,1
DA:604,1
DA:605,1
DA:606,1
DA:650,1
DA:651,1
DA:652,1
DA:653,1
DA:654,1
DA:655,2
DA:656,1
DA:657,1
DA:658,1
DA:659,1
DA:660,1
DA:663,2
DA:664,1
DA:665,1
DA:666,1
DA:667,1
DA:668,1
DA:673,1
DA:674,1
DA:675,1
DA:676,1
DA:678,1
DA:681,1
DA:682,1
DA:683,1
DA:690,1
DA:691,1
DA:692,1
DA:693,1
DA:694,1
DA:695,1
DA:696,1
DA:697,1
DA:698,1
DA:699,1
DA:700,1
DA:701,1
DA:703,1
DA:704,1
DA:705,1
DA:718,1
DA:719,1
DA:720,1
DA:723,1
DA:724,1
LF:387
LH:387
BRDA:542,1,0,1
BRDA:542,1,1,1
BRDA:550,2,0,1
BRDA:550,2,1,1
BRDA:580,3,0,1
BRDA:580,3,1,1
BRDA:588,4,0,1
BRDA:588,4,1,1
BRDA:655,5,0,1
BRDA:655,5,1,1
BRDA:663,6,0,1
BRDA:663,6,1,1
BRDA:675,7,0,1
BRDA:675,7,1,0
BRF:14
BRH:13
end_of_record
TN:
SF:C:\Users\Admin\santhosh\FinalProj\PMBackend\server.js
FNF:0
FNH:0
DA:9,1
DA:10,1
DA:11,1
DA:12,1
DA:13,1
DA:15,1
DA:21,1
DA:32,1
DA:33,1
DA:35,1
DA:36,1
DA:39,1
DA:42,1
DA:45,1
DA:48,1
DA:50,1
DA:52,1
DA:53,1
DA:56,1
DA:57,1
DA:60,1
DA:61,0
DA:62,0
DA:67,1
DA:68,1
DA:70,1
DA:71,1
DA:72,0
DA:73,0
DA:75,1
DA:82,1
DA:84,2
DA:85,2
DA:86,1
DA:90,1
DA:92,1
DA:97,1
DA:98,1
DA:101,1
DA:102,1
DA:103,0
DA:107,0
DA:109,1
DA:114,1
DA:115,2
DA:118,2
DA:119,2
DA:121,1
DA:122,1
DA:125,1
DA:126,1
DA:130,1
DA:131,0
DA:135,0
DA:136,0
DA:137,0
DA:139,0
DA:140,0
DA:141,0
DA:142,0
DA:143,0
DA:145,0
DA:151,1
DA:152,1
DA:155,1
DA:156,1
DA:157,0
DA:159,1
DA:165,1
DA:168,2
DA:169,2
DA:170,0
DA:171,0
DA:173,2
DA:179,1
DA:181,1
DA:182,1
DA:183,0
DA:187,0
DA:189,1
DA:194,1
DA:195,1
DA:198,1
DA:199,1
DA:200,0
DA:204,0
DA:206,1
DA:207,1
DA:212,1
DA:213,2
DA:216,2
DA:217,2
DA:219,1
DA:220,1
DA:223,1
DA:224,1
DA:229,1
DA:230,1
DA:234,1
DA:235,1
DA:236,0
DA:238,1
DA:239,1
DA:240,1
DA:241,1
DA:242,1
DA:243,1
DA:244,1
DA:245,1
DA:246,1
DA:247,1
DA:249,0
DA:255,1
DA:256,1
DA:257,1
DA:258,1
DA:259,1
DA:261,0
DA:266,1
DA:267,0
DA:268,0
DA:269,0
DA:270,0
DA:272,0
DA:273,0
DA:274,0
DA:275,0
DA:276,0
DA:277,0
DA:278,0
DA:279,0
DA:281,0
DA:288,1
DA:291,2
DA:292,2
DA:293,0
DA:295,2
DA:300,1
DA:301,1
DA:302,1
DA:303,0
DA:307,0
DA:309,1
DA:314,1
DA:315,2
DA:316,2
DA:319,2
DA:320,2
DA:322,1
DA:323,1
DA:326,1
DA:327,1
DA:331,1
DA:332,1
DA:333,1
DA:334,1
DA:335,1
DA:337,0
DA:343,1
DA:344,2
DA:345,2
DA:346,2
DA:347,0
DA:349,2
DA:354,1
DA:355,2
DA:356,2
DA:357,1
DA:361,1
DA:363,1
DA:368,1
DA:369,2
DA:372,2
DA:373,2
DA:375,1
DA:376,1
DA:379,1
DA:380,1
DA:384,1
DA:385,0
DA:389,0
DA:390,0
DA:391,0
DA:393,0
DA:394,0
DA:395,0
DA:396,0
DA:397,0
DA:398,0
DA:399,0
DA:401,0
DA:407,1
DA:408,1
DA:409,1
DA:410,1
DA:411,0
DA:413,1
DA:420,1
DA:424,1
DA:425,1
DA:428,1
LF:201
LH:144
BRDA:71,1,0,0
BRDA:71,1,1,1
BRDA:85,2,0,1
BRDA:85,2,1,1
BRDA:102,3,0,0
BRDA:102,3,1,1
BRDA:136,4,0,0
BRDA:136,4,1,0
BRDA:156,5,0,0
BRDA:156,5,1,1
BRDA:169,6,0,0
BRDA:169,6,1,2
BRDA:182,7,0,0
BRDA:182,7,1,1
BRDA:199,8,0,0
BRDA:199,8,1,1
BRDA:235,9,0,0
BRDA:235,9,1,1
BRDA:258,10,0,1
BRDA:258,10,1,0
BRDA:269,11,0,0
BRDA:269,11,1,0
BRDA:292,12,0,0
BRDA:292,12,1,2
BRDA:302,13,0,0
BRDA:302,13,1,1
BRDA:334,14,0,1
BRDA:334,14,1,0
BRDA:346,15,0,0
BRDA:346,15,1,2
BRDA:356,16,0,1
BRDA:356,16,1,1
BRDA:390,17,0,0
BRDA:390,17,1,0
BRDA:410,18,0,0
BRDA:410,18,1,1
BRF:36
BRH:17
end_of_record
TN:
SF:C:\Users\Admin\santhosh\FinalProj\PMBackend\models\projmgr.js
FNF:0
FNH:0
DA:2,1
DA:5,1
DA:7,1
DA:26,1
DA:57,1
DA:66,1
DA:109,1
DA:110,1
DA:111,1
DA:112,1
LF:10
LH:10
BRF:0
BRH:0
end_of_record
