TN:
SF:C:\Users\Admin\santhosh\FinalProj\PMBackend\spec\user.spec.js
FNF:0
FNH:0
DA:1,1
DA:2,1
DA:3,1
DA:4,1
DA:6,1
DA:7,1
DA:8,1
DA:9,1
DA:10,1
DA:11,1
DA:12,1
DA:15,1
DA:16,1
DA:17,1
DA:20,1
DA:21,40
DA:22,40
DA:25,1
DA:26,40
DA:29,1
DA:30,1
DA:31,1
DA:32,1
DA:33,1
DA:34,1
DA:35,1
DA:39,1
DA:40,1
DA:42,1
DA:43,1
DA:47,1
DA:48,1
DA:50,1
DA:51,1
DA:52,1
DA:53,1
DA:55,1
DA:56,1
DA:57,1
DA:61,1
DA:62,1
DA:64,1
DA:65,1
DA:69,1
DA:70,1
DA:71,1
DA:72,1
DA:74,1
DA:75,1
DA:76,1
DA:80,1
DA:81,1
DA:83,1
DA:84,1
DA:88,1
DA:89,1
DA:90,1
DA:91,1
DA:92,1
DA:93,1
DA:94,1
DA:103,1
DA:104,1
DA:105,1
DA:109,1
DA:110,1
DA:112,1
DA:113,1
DA:117,1
DA:118,1
DA:119,1
DA:120,1
DA:121,1
DA:122,1
DA:123,1
DA:132,1
DA:133,1
DA:134,1
DA:138,1
DA:139,1
DA:143,1
DA:144,1
DA:145,1
DA:146,1
DA:147,1
DA:148,1
DA:150,1
DA:151,1
DA:152,1
DA:156,1
DA:157,1
DA:159,1
DA:160,1
DA:161,1
DA:165,1
DA:166,1
DA:167,1
DA:168,1
DA:169,1
DA:170,1
DA:172,1
DA:173,1
DA:174,1
DA:178,1
DA:179,1
DA:186,1
DA:187,1
DA:188,1
DA:189,1
DA:190,1
DA:191,1
DA:192,1
DA:193,1
DA:197,1
DA:198,1
DA:200,1
DA:201,1
DA:205,1
DA:206,1
DA:208,1
DA:209,1
DA:210,1
DA:211,1
DA:213,1
DA:214,1
DA:215,1
DA:219,1
DA:220,1
DA:222,1
DA:223,1
DA:227,1
DA:228,1
DA:229,1
DA:230,1
DA:232,1
DA:233,1
DA:234,1
DA:238,1
DA:239,1
DA:241,1
DA:242,1
DA:246,1
DA:247,1
DA:248,1
DA:249,1
DA:250,1
DA:251,1
DA:252,1
DA:253,1
DA:254,1
DA:255,1
DA:256,1
DA:267,1
DA:268,1
DA:269,1
DA:273,1
DA:274,1
DA:276,1
DA:277,1
DA:281,1
DA:282,1
DA:283,1
DA:284,1
DA:285,1
DA:286,1
DA:287,1
DA:288,1
DA:289,1
DA:290,1
DA:301,1
DA:302,1
DA:303,1
DA:307,1
DA:308,1
DA:315,1
DA:316,1
DA:317,1
DA:318,1
DA:319,1
DA:320,1
DA:321,1
DA:325,1
DA:326,1
DA:328,1
DA:329,1
DA:333,1
DA:334,1
DA:335,1
DA:336,1
DA:337,1
DA:338,1
DA:340,1
DA:341,1
DA:342,1
DA:346,1
DA:347,1
DA:349,1
DA:350,1
DA:354,1
DA:355,1
DA:356,1
DA:357,1
DA:358,1
DA:359,1
DA:360,1
DA:361,1
DA:362,1
DA:363,1
DA:364,1
DA:365,1
DA:366,1
DA:379,1
DA:380,1
DA:381,1
DA:384,1
DA:385,1
DA:389,1
DA:390,1
DA:391,1
DA:392,1
DA:393,1
DA:394,1
DA:395,1
DA:396,1
DA:397,1
DA:398,1
DA:399,1
DA:400,1
DA:413,1
DA:414,1
DA:415,1
DA:418,1
DA:419,1
DA:426,1
DA:427,1
DA:428,1
DA:429,1
DA:430,1
DA:431,1
DA:432,1
DA:436,1
DA:437,1
DA:439,1
DA:440,1
DA:444,1
DA:445,1
DA:446,1
DA:447,1
DA:448,1
DA:449,1
DA:451,1
DA:452,1
DA:453,1
DA:457,1
DA:458,1
DA:460,1
DA:461,1
DA:465,1
DA:466,1
DA:467,1
DA:468,1
DA:470,1
DA:471,1
DA:478,1
DA:479,1
DA:480,1
DA:484,1
DA:485,1
DA:487,1
DA:488,1
DA:492,1
DA:493,1
DA:494,1
DA:496,1
DA:497,1
DA:504,1
DA:505,1
DA:506,1
DA:510,1
DA:511,1
DA:516,1
DA:517,1
DA:518,1
DA:519,1
DA:520,1
DA:521,2
DA:522,1
DA:523,1
DA:524,1
DA:525,1
DA:526,1
DA:529,2
DA:530,1
DA:531,1
DA:532,1
DA:533,1
DA:534,1
DA:539,1
DA:540,1
DA:541,1
DA:542,1
DA:545,1
DA:546,1
DA:547,1
DA:551,1
DA:552,1
DA:553,1
DA:554,1
DA:555,1
DA:556,2
DA:557,1
DA:558,1
DA:559,1
DA:560,1
DA:561,1
DA:564,2
DA:565,1
DA:566,1
DA:567,1
DA:568,1
DA:569,1
DA:574,1
DA:575,1
DA:576,1
DA:577,1
DA:580,1
DA:581,1
DA:582,1
DA:586,1
DA:587,1
DA:588,1
DA:589,1
DA:590,1
DA:591,2
DA:592,1
DA:593,1
DA:594,1
DA:595,1
DA:596,1
DA:599,2
DA:600,1
DA:601,1
DA:602,1
DA:603,1
DA:604,1
DA:605,1
DA:610,1
DA:611,1
DA:612,1
DA:613,1
DA:614,0
DA:616,1
DA:619,1
DA:620,1
DA:621,1
LF:355
LH:354
BRDA:521,1,0,1
BRDA:521,1,1,1
BRDA:529,2,0,1
BRDA:529,2,1,1
BRDA:556,3,0,1
BRDA:556,3,1,1
BRDA:564,4,0,1
BRDA:564,4,1,1
BRDA:591,5,0,1
BRDA:591,5,1,1
BRDA:599,6,0,1
BRDA:599,6,1,1
BRDA:613,7,0,0
BRDA:613,7,1,1
BRF:14
BRH:13
end_of_record
TN:
SF:C:\Users\Admin\santhosh\FinalProj\PMBackend\server.js
FNF:0
FNH:0
DA:9,1
DA:10,1
DA:11,1
DA:12,1
DA:13,1
DA:15,1
DA:21,1
DA:32,1
DA:33,1
DA:35,1
DA:36,1
DA:39,1
DA:42,1
DA:45,1
DA:48,1
DA:50,1
DA:52,1
DA:53,1
DA:56,1
DA:57,1
DA:60,1
DA:61,0
DA:62,0
DA:67,1
DA:68,2
DA:70,2
DA:71,2
DA:72,0
DA:73,0
DA:75,2
DA:82,1
DA:84,2
DA:85,2
DA:86,1
DA:90,1
DA:92,1
DA:97,1
DA:98,1
DA:101,1
DA:102,1
DA:103,0
DA:107,0
DA:109,1
DA:114,1
DA:115,2
DA:118,2
DA:119,2
DA:121,1
DA:122,1
DA:125,1
DA:126,1
DA:130,1
DA:131,0
DA:135,0
DA:136,0
DA:137,0
DA:139,0
DA:140,0
DA:141,0
DA:142,0
DA:143,0
DA:145,0
DA:151,1
DA:152,2
DA:155,2
DA:156,2
DA:157,1
DA:159,1
DA:165,1
DA:168,2
DA:169,2
DA:170,0
DA:171,0
DA:173,2
DA:179,1
DA:181,1
DA:182,1
DA:183,0
DA:187,0
DA:189,1
DA:194,1
DA:195,0
DA:196,0
DA:197,0
DA:198,0
DA:202,0
DA:204,0
DA:209,1
DA:210,2
DA:213,2
DA:214,2
DA:216,1
DA:217,1
DA:220,1
DA:221,1
DA:226,1
DA:227,0
DA:231,0
DA:232,0
DA:233,0
DA:235,0
DA:236,0
DA:237,0
DA:238,0
DA:239,0
DA:240,0
DA:241,0
DA:242,0
DA:243,0
DA:244,0
DA:246,0
DA:252,1
DA:253,1
DA:254,1
DA:255,1
DA:256,0
DA:258,1
DA:263,1
DA:264,0
DA:265,0
DA:266,0
DA:267,0
DA:269,0
DA:270,0
DA:271,0
DA:272,0
DA:273,0
DA:274,0
DA:275,0
DA:276,0
DA:278,0
DA:285,1
DA:288,2
DA:289,2
DA:290,0
DA:292,2
DA:297,1
DA:298,1
DA:299,1
DA:300,0
DA:304,0
DA:306,1
DA:311,1
DA:312,2
DA:313,2
DA:316,2
DA:317,2
DA:319,1
DA:320,1
DA:323,1
DA:324,1
DA:328,1
DA:329,1
DA:330,1
DA:331,1
DA:332,0
DA:334,1
DA:340,1
DA:341,1
DA:342,1
DA:343,1
DA:344,0
DA:346,1
DA:351,1
DA:352,2
DA:353,2
DA:354,1
DA:358,1
DA:360,1
DA:365,1
DA:366,2
DA:369,2
DA:370,2
DA:372,1
DA:373,1
DA:376,1
DA:377,1
DA:381,1
DA:382,0
DA:386,0
DA:387,0
DA:388,0
DA:390,0
DA:391,0
DA:392,0
DA:393,0
DA:394,0
DA:395,0
DA:396,0
DA:398,0
DA:404,1
DA:405,0
DA:406,0
DA:407,0
DA:408,0
DA:410,0
DA:417,1
DA:421,1
DA:422,1
DA:425,1
LF:200
LH:123
BRDA:71,1,0,0
BRDA:71,1,1,2
BRDA:85,2,0,1
BRDA:85,2,1,1
BRDA:102,3,0,0
BRDA:102,3,1,1
BRDA:136,4,0,0
BRDA:136,4,1,0
BRDA:156,5,0,1
BRDA:156,5,1,1
BRDA:169,6,0,0
BRDA:169,6,1,2
BRDA:182,7,0,0
BRDA:182,7,1,1
BRDA:197,8,0,0
BRDA:197,8,1,0
BRDA:232,9,0,0
BRDA:232,9,1,0
BRDA:255,10,0,0
BRDA:255,10,1,1
BRDA:266,11,0,0
BRDA:266,11,1,0
BRDA:289,12,0,0
BRDA:289,12,1,2
BRDA:299,13,0,0
BRDA:299,13,1,1
BRDA:331,14,0,0
BRDA:331,14,1,1
BRDA:343,15,0,0
BRDA:343,15,1,1
BRDA:353,16,0,1
BRDA:353,16,1,1
BRDA:387,17,0,0
BRDA:387,17,1,0
BRDA:407,18,0,0
BRDA:407,18,1,0
BRF:36
BRH:15
end_of_record
TN:
SF:C:\Users\Admin\santhosh\FinalProj\PMBackend\models\projmgr.js
FNF:0
FNH:0
DA:2,1
DA:5,1
DA:7,1
DA:26,1
DA:57,1
DA:66,1
DA:109,1
DA:110,1
DA:111,1
DA:112,1
LF:10
LH:10
BRF:0
BRH:0
end_of_record
